0 verbose cli /data/data/com.termux/files/usr/bin/node /data/data/com.termux/files/usr/bin/npm
1 info using npm@11.13.0
2 info using node@v25.8.2
3 silly config load:file:/data/data/com.termux/files/usr/lib/node_modules/npm/npmrc
4 silly config load:file:/data/data/com.termux/files/home/my-app/.npmrc
5 silly config load:file:/data/data/com.termux/files/home/.npmrc
6 silly config load:file:/data/data/com.termux/files/usr/etc/npmrc
7 verbose title npm install
8 verbose argv "install"
9 verbose logfile logs-max:10 dir:/data/data/com.termux/files/home/.npm/_logs/2026-05-01T18_37_05_383Z-
10 verbose logfile /data/data/com.termux/files/home/.npm/_logs/2026-05-01T18_37_05_383Z-debug-0.log
11 silly logfile start cleaning logs, removing 1 files
12 silly packumentCache heap:1174405120 maxSize:293601280 maxEntrySize:146800640
13 silly logfile done cleaning log files
14 silly idealTree buildDeps
15 silly fetch manifest react@^18.3.1
16 silly packumentCache full:https://registry.npmjs.org/react cache-miss
17 http fetch GET 200 https://registry.npmjs.org/react 1546ms (cache revalidated)
18 silly packumentCache full:https://registry.npmjs.org/react set size:6633619 disposed:false
19 silly fetch manifest react-dom@^18.3.1
20 silly packumentCache full:https://registry.npmjs.org/react-dom cache-miss
21 http fetch GET 200 https://registry.npmjs.org/react-dom 359ms (cache revalidated)
22 silly packumentCache full:https://registry.npmjs.org/react-dom set size:8839555 disposed:false
23 silly fetch manifest @vitejs/plugin-react@^4.3.1
24 silly packumentCache full:https://registry.npmjs.org/@vitejs%2fplugin-react cache-miss
25 http fetch GET 200 https://registry.npmjs.org/@vitejs%2fplugin-react 456ms (cache revalidated)
26 silly packumentCache full:https://registry.npmjs.org/@vitejs%2fplugin-react set size:264287 disposed:false
27 silly fetch manifest vite@^5.4.1
28 silly packumentCache full:https://registry.npmjs.org/vite cache-miss
29 http fetch GET 200 https://registry.npmjs.org/vite 471ms (cache revalidated)
30 silly packumentCache full:https://registry.npmjs.org/vite set size:38816674 disposed:false
31 silly fetch manifest @types/node@^18.0.0 || >=20.0.0
32 silly packumentCache full:https://registry.npmjs.org/@types%2fnode cache-miss
33 http fetch GET 200 https://registry.npmjs.org/@types%2fnode 483ms (cache revalidated)
34 silly packumentCache full:https://registry.npmjs.org/@types%2fnode set size:10972342 disposed:false
35 silly fetch manifest less@*
36 silly packumentCache full:https://registry.npmjs.org/less cache-miss
37 http fetch GET 200 https://registry.npmjs.org/less 262ms (cache revalidated)
38 silly packumentCache full:https://registry.npmjs.org/less set size:461684 disposed:false
39 silly fetch manifest lightningcss@^1.21.0
40 silly packumentCache full:https://registry.npmjs.org/lightningcss cache-miss
41 http fetch GET 200 https://registry.npmjs.org/lightningcss 282ms (cache revalidated)
42 silly packumentCache full:https://registry.npmjs.org/lightningcss set size:186753 disposed:false
43 silly fetch manifest sass@*
44 silly packumentCache full:https://registry.npmjs.org/sass cache-miss
45 http fetch GET 200 https://registry.npmjs.org/sass 242ms (cache revalidated)
46 silly packumentCache full:https://registry.npmjs.org/sass set size:726244 disposed:false
47 silly fetch manifest sass-embedded@*
48 silly packumentCache full:https://registry.npmjs.org/sass-embedded cache-miss
49 http fetch GET 200 https://registry.npmjs.org/sass-embedded 270ms (cache revalidated)
50 silly packumentCache full:https://registry.npmjs.org/sass-embedded set size:415594 disposed:false
51 silly fetch manifest stylus@*
52 silly packumentCache full:https://registry.npmjs.org/stylus cache-miss
53 http fetch GET 200 https://registry.npmjs.org/stylus 281ms (cache revalidated)
54 silly packumentCache full:https://registry.npmjs.org/stylus set size:286766 disposed:false
55 silly fetch manifest sugarss@*
56 silly packumentCache full:https://registry.npmjs.org/sugarss cache-miss
57 http fetch GET 200 https://registry.npmjs.org/sugarss 237ms (cache revalidated)
58 silly packumentCache full:https://registry.npmjs.org/sugarss set size:44975 disposed:false
59 silly fetch manifest postcss@^8.3.3
60 silly packumentCache full:https://registry.npmjs.org/postcss cache-miss
61 http fetch GET 200 https://registry.npmjs.org/postcss 302ms (cache revalidated)
62 silly packumentCache full:https://registry.npmjs.org/postcss set size:717287 disposed:false
63 silly fetch manifest terser@^5.4.0
64 silly packumentCache full:https://registry.npmjs.org/terser cache-miss
65 http fetch GET 200 https://registry.npmjs.org/terser 298ms (cache revalidated)
66 silly packumentCache full:https://registry.npmjs.org/terser set size:793225 disposed:false
67 silly fetch manifest eslint@^9.9.0
68 silly packumentCache full:https://registry.npmjs.org/eslint cache-miss
69 http fetch GET 200 https://registry.npmjs.org/eslint 805ms (cache updated)
70 silly packumentCache full:https://registry.npmjs.org/eslint set size:undefined disposed:false
71 silly fetch manifest jiti@*
72 silly packumentCache full:https://registry.npmjs.org/jiti cache-miss
73 http fetch GET 200 https://registry.npmjs.org/jiti 220ms (cache revalidated)
74 silly packumentCache full:https://registry.npmjs.org/jiti set size:382310 disposed:false
75 silly placeDep ROOT @vitejs/plugin-react@4.7.0 REPLACE for: my-app@0.0.0 want: ^4.3.1
76 silly placeDep ROOT vite@5.4.21 OK for: @vitejs/plugin-react@4.7.0 want: ^4.2.0 || ^5.0.0 || ^6.0.0 || ^7.0.0
77 silly placeDep ROOT eslint@9.39.4 REPLACE for: my-app@0.0.0 want: ^9.9.0
78 silly placeDep ROOT react@18.3.1 REPLACE for: my-app@0.0.0 want: ^18.3.1
79 silly placeDep ROOT react-dom@18.3.1 REPLACE for: my-app@0.0.0 want: ^18.3.1
80 silly fetch manifest react-refresh@^0.17.0
81 silly packumentCache full:https://registry.npmjs.org/react-refresh cache-miss
82 silly fetch manifest @types/babel__core@^7.20.5
83 silly packumentCache full:https://registry.npmjs.org/@types%2fbabel__core cache-miss
84 silly fetch manifest @rolldown/pluginutils@1.0.0-beta.27
85 silly packumentCache full:https://registry.npmjs.org/@rolldown%2fpluginutils cache-miss
86 silly fetch manifest @babel/plugin-transform-react-jsx-self@^7.27.1
87 silly packumentCache full:https://registry.npmjs.org/@babel%2fplugin-transform-react-jsx-self cache-miss
88 silly fetch manifest @babel/plugin-transform-react-jsx-source@^7.27.1
89 silly packumentCache full:https://registry.npmjs.org/@babel%2fplugin-transform-react-jsx-source cache-miss
90 http fetch GET 200 https://registry.npmjs.org/@types%2fbabel__core 238ms (cache miss)
91 silly packumentCache full:https://registry.npmjs.org/@types%2fbabel__core set size:undefined disposed:false
92 silly fetch manifest rollup@^4.20.0
93 silly packumentCache full:https://registry.npmjs.org/rollup cache-miss
94 http fetch GET 200 https://registry.npmjs.org/rollup 581ms (cache miss)
95 silly packumentCache full:https://registry.npmjs.org/rollup set size:undefined disposed:false
96 silly fetch manifest esbuild@^0.21.3
97 silly packumentCache full:https://registry.npmjs.org/esbuild cache-miss
98 http fetch GET 200 https://registry.npmjs.org/@rolldown%2fpluginutils 1038ms (cache revalidated)
99 silly packumentCache full:https://registry.npmjs.org/@rolldown%2fpluginutils set size:291991 disposed:false
100 silly fetch manifest postcss@^8.4.43
101 silly packumentCache full:https://registry.npmjs.org/postcss cache-hit
102 silly fetch manifest fsevents@~2.3.3
103 silly packumentCache full:https://registry.npmjs.org/fsevents cache-miss
104 http fetch GET 200 https://registry.npmjs.org/esbuild 244ms (cache revalidated)
105 silly packumentCache full:https://registry.npmjs.org/esbuild set size:1254708 disposed:false
106 silly fetch manifest chalk@^4.0.0
107 silly packumentCache full:https://registry.npmjs.org/chalk cache-miss
108 http fetch GET 200 https://registry.npmjs.org/@babel%2fplugin-transform-react-jsx-self 1277ms (cache miss)
109 silly packumentCache full:https://registry.npmjs.org/@babel%2fplugin-transform-react-jsx-self set size:undefined disposed:false
110 silly fetch manifest espree@^10.4.0
111 silly packumentCache full:https://registry.npmjs.org/espree cache-miss
112 http fetch GET 200 https://registry.npmjs.org/fsevents 283ms (cache revalidated)
113 silly packumentCache full:https://registry.npmjs.org/fsevents set size:182472 disposed:false
114 silly fetch manifest minimatch@^3.1.5
115 silly packumentCache full:https://registry.npmjs.org/minimatch cache-miss
116 http fetch GET 200 https://registry.npmjs.org/@babel%2fplugin-transform-react-jsx-source 1381ms (cache miss)
117 silly packumentCache full:https://registry.npmjs.org/@babel%2fplugin-transform-react-jsx-source set size:undefined disposed:false
118 silly fetch manifest @eslint/js@9.39.4
119 silly packumentCache full:https://registry.npmjs.org/@eslint%2fjs cache-miss
120 http fetch GET 200 https://registry.npmjs.org/chalk 260ms (cache miss)
121 silly packumentCache full:https://registry.npmjs.org/chalk set size:undefined disposed:false
122 silly fetch manifest @eslint/core@^0.17.0
123 silly packumentCache full:https://registry.npmjs.org/@eslint%2fcore cache-miss
124 http fetch GET 200 https://registry.npmjs.org/espree 251ms (cache revalidated)
125 silly packumentCache full:https://registry.npmjs.org/espree set size:326080 disposed:false
126 silly fetch manifest eslint-scope@^8.4.0
127 silly packumentCache full:https://registry.npmjs.org/eslint-scope cache-miss
128 http fetch GET 200 https://registry.npmjs.org/minimatch 263ms (cache revalidated)
129 silly packumentCache full:https://registry.npmjs.org/minimatch set size:375282 disposed:false
130 silly fetch manifest lodash.merge@^4.6.2
131 silly packumentCache full:https://registry.npmjs.org/lodash.merge cache-miss
132 http fetch GET 200 https://registry.npmjs.org/@eslint%2fjs 279ms (cache revalidated)
133 silly packumentCache full:https://registry.npmjs.org/@eslint%2fjs set size:140022 disposed:false
134 silly fetch manifest @types/estree@^1.0.6
135 silly packumentCache full:https://registry.npmjs.org/@types%2festree cache-miss
136 http fetch GET 200 https://registry.npmjs.org/@eslint%2fcore 243ms (cache revalidated)
137 silly packumentCache full:https://registry.npmjs.org/@eslint%2fcore set size:58023 disposed:false
138 silly fetch manifest @eslint/eslintrc@^3.3.5
139 silly packumentCache full:https://registry.npmjs.org/@eslint%2feslintrc cache-miss
140 http fetch GET 200 https://registry.npmjs.org/eslint-scope 350ms (cache revalidated)
141 silly packumentCache full:https://registry.npmjs.org/eslint-scope set size:98867 disposed:false
142 silly fetch manifest @eslint/plugin-kit@^0.4.1
143 silly packumentCache full:https://registry.npmjs.org/@eslint%2fplugin-kit cache-miss
144 http fetch GET 200 https://registry.npmjs.org/lodash.merge 358ms (cache miss)
145 silly packumentCache full:https://registry.npmjs.org/lodash.merge set size:undefined disposed:false
146 silly fetch manifest eslint-visitor-keys@^4.2.1
147 silly packumentCache full:https://registry.npmjs.org/eslint-visitor-keys cache-miss
148 http fetch GET 200 https://registry.npmjs.org/@types%2festree 419ms (cache revalidated)
149 silly packumentCache full:https://registry.npmjs.org/@types%2festree set size:74091 disposed:false
150 silly fetch manifest @eslint/config-array@^0.21.2
151 silly packumentCache full:https://registry.npmjs.org/@eslint%2fconfig-array cache-miss
152 http fetch GET 200 https://registry.npmjs.org/@eslint%2feslintrc 405ms (cache miss)
153 silly packumentCache full:https://registry.npmjs.org/@eslint%2feslintrc set size:undefined disposed:false
154 silly fetch manifest @eslint/config-helpers@^0.4.2
155 silly packumentCache full:https://registry.npmjs.org/@eslint%2fconfig-helpers cache-miss
156 http fetch GET 200 https://registry.npmjs.org/react-refresh 2226ms (cache miss)
157 silly packumentCache full:https://registry.npmjs.org/react-refresh set size:undefined disposed:false
158 silly fetch manifest loose-envify@^1.1.0
159 silly packumentCache full:https://registry.npmjs.org/loose-envify cache-miss
160 http fetch GET 200 https://registry.npmjs.org/@eslint%2fplugin-kit 672ms (cache revalidated)
161 silly packumentCache full:https://registry.npmjs.org/@eslint%2fplugin-kit set size:73270 disposed:false
162 silly fetch manifest scheduler@^0.23.2
163 silly packumentCache full:https://registry.npmjs.org/scheduler cache-miss
164 http fetch GET 200 https://registry.npmjs.org/eslint-visitor-keys 614ms (cache revalidated)
165 silly packumentCache full:https://registry.npmjs.org/eslint-visitor-keys set size:69949 disposed:false
166 silly fetch manifest loose-envify@^1.1.0
167 silly packumentCache full:https://registry.npmjs.org/loose-envify cache-miss
168 http fetch GET 200 https://registry.npmjs.org/@eslint%2fconfig-array 536ms (cache revalidated)
169 silly packumentCache full:https://registry.npmjs.org/@eslint%2fconfig-array set size:74140 disposed:false
170 http fetch GET 200 https://registry.npmjs.org/@eslint%2fconfig-helpers 486ms (cache revalidated)
171 silly packumentCache full:https://registry.npmjs.org/@eslint%2fconfig-helpers set size:47979 disposed:false
172 http fetch GET 200 https://registry.npmjs.org/loose-envify 225ms (cache miss)
173 silly packumentCache full:https://registry.npmjs.org/loose-envify set size:undefined disposed:false
174 http fetch GET 200 https://registry.npmjs.org/loose-envify 246ms (cache miss)
175 silly packumentCache full:https://registry.npmjs.org/loose-envify set size:undefined disposed:false
176 http fetch GET 200 https://registry.npmjs.org/scheduler 312ms (cache revalidated)
177 silly packumentCache full:https://registry.npmjs.org/scheduler set size:5496276 disposed:false
178 silly fetch manifest @babel/core@^7.28.0
179 silly packumentCache full:https://registry.npmjs.org/@babel%2fcore cache-miss
180 http fetch GET 200 https://registry.npmjs.org/@babel%2fcore 245ms (cache revalidated)
181 silly packumentCache full:https://registry.npmjs.org/@babel%2fcore set size:764052 disposed:false
182 silly placeDep ROOT @babel/plugin-transform-react-jsx-self@7.27.1 OK for: @vitejs/plugin-react@4.7.0 want: ^7.27.1
183 silly placeDep ROOT @babel/plugin-transform-react-jsx-source@7.27.1 OK for: @vitejs/plugin-react@4.7.0 want: ^7.27.1
184 silly placeDep ROOT @rolldown/pluginutils@1.0.0-beta.27 OK for: @vitejs/plugin-react@4.7.0 want: 1.0.0-beta.27
185 silly placeDep ROOT @types/babel__core@7.20.5 OK for: @vitejs/plugin-react@4.7.0 want: ^7.20.5
186 silly placeDep ROOT react-refresh@0.17.0 OK for: @vitejs/plugin-react@4.7.0 want: ^0.17.0
187 silly fetch manifest @babel/helper-plugin-utils@^7.27.1
188 silly packumentCache full:https://registry.npmjs.org/@babel%2fhelper-plugin-utils cache-miss
189 silly fetch manifest @babel/helper-plugin-utils@^7.27.1
190 silly packumentCache full:https://registry.npmjs.org/@babel%2fhelper-plugin-utils cache-miss
191 silly fetch manifest @types/babel__template@*
192 silly packumentCache full:https://registry.npmjs.org/@types%2fbabel__template cache-miss
193 silly fetch manifest @types/babel__traverse@*
194 silly packumentCache full:https://registry.npmjs.org/@types%2fbabel__traverse cache-miss
195 silly fetch manifest @types/babel__generator@*
196 silly packumentCache full:https://registry.npmjs.org/@types%2fbabel__generator cache-miss
197 http fetch GET 200 https://registry.npmjs.org/@types%2fbabel__generator 273ms (cache miss)
198 silly packumentCache full:https://registry.npmjs.org/@types%2fbabel__generator set size:undefined disposed:false
199 http fetch GET 200 https://registry.npmjs.org/@types%2fbabel__traverse 276ms (cache miss)
200 silly packumentCache full:https://registry.npmjs.org/@types%2fbabel__traverse set size:undefined disposed:false
201 http fetch GET 200 https://registry.npmjs.org/@babel%2fhelper-plugin-utils 294ms (cache miss)
202 silly packumentCache full:https://registry.npmjs.org/@babel%2fhelper-plugin-utils set size:undefined disposed:false
203 http fetch GET 200 https://registry.npmjs.org/@types%2fbabel__template 297ms (cache miss)
204 silly packumentCache full:https://registry.npmjs.org/@types%2fbabel__template set size:undefined disposed:false
205 http fetch GET 200 https://registry.npmjs.org/@babel%2fhelper-plugin-utils 350ms (cache miss)
206 silly packumentCache full:https://registry.npmjs.org/@babel%2fhelper-plugin-utils set size:undefined disposed:false
207 silly placeDep ROOT @babel/helper-plugin-utils@7.28.6 OK for: @babel/plugin-transform-react-jsx-self@7.27.1 want: ^7.27.1
208 silly placeDep ROOT @types/babel__generator@7.27.0 OK for: @types/babel__core@7.20.5 want: *
209 silly placeDep ROOT @types/babel__template@7.4.4 OK for: @types/babel__core@7.20.5 want: *
210 silly placeDep ROOT @types/babel__traverse@7.28.0 OK for: @types/babel__core@7.20.5 want: *
211 silly placeDep ROOT @eslint/config-array@0.21.2 OK for: eslint@9.39.4 want: ^0.21.2
212 silly placeDep ROOT @eslint/config-helpers@0.4.2 OK for: eslint@9.39.4 want: ^0.4.2
213 silly placeDep ROOT @eslint/core@0.17.0 OK for: eslint@9.39.4 want: ^0.17.0
214 silly placeDep ROOT @eslint/eslintrc@3.3.5 OK for: eslint@9.39.4 want: ^3.3.5
215 silly placeDep ROOT @eslint/js@9.39.4 OK for: eslint@9.39.4 want: 9.39.4
216 silly placeDep ROOT @eslint/plugin-kit@0.4.1 OK for: eslint@9.39.4 want: ^0.4.1
217 silly placeDep ROOT @types/estree@1.0.8 OK for: eslint@9.39.4 want: ^1.0.6
218 silly placeDep ROOT chalk@4.1.2 OK for: eslint@9.39.4 want: ^4.0.0
219 silly placeDep ROOT eslint-scope@8.4.0 OK for: eslint@9.39.4 want: ^8.4.0
220 silly placeDep ROOT eslint-visitor-keys@4.2.1 OK for: eslint@9.39.4 want: ^4.2.1
221 silly placeDep ROOT espree@10.4.0 OK for: eslint@9.39.4 want: ^10.4.0
222 silly placeDep ROOT lodash.merge@4.6.2 OK for: eslint@9.39.4 want: ^4.6.2
223 silly placeDep ROOT minimatch@3.1.5 OK for: eslint@9.39.4 want: ^3.1.5
224 silly fetch manifest @eslint/object-schema@^2.1.7
225 silly packumentCache full:https://registry.npmjs.org/@eslint%2fobject-schema cache-miss
226 silly fetch manifest @types/json-schema@^7.0.15
227 silly packumentCache full:https://registry.npmjs.org/@types%2fjson-schema cache-miss
228 silly fetch manifest espree@^10.0.1
229 silly packumentCache full:https://registry.npmjs.org/espree cache-hit
230 silly fetch manifest globals@^14.0.0
231 silly packumentCache full:https://registry.npmjs.org/globals cache-miss
232 silly fetch manifest import-fresh@^3.2.1
233 silly packumentCache full:https://registry.npmjs.org/import-fresh cache-miss
234 silly fetch manifest js-yaml@^4.1.1
235 silly packumentCache full:https://registry.npmjs.org/js-yaml cache-miss
236 http fetch GET 200 https://registry.npmjs.org/@types%2fjson-schema 229ms (cache revalidated)
237 silly packumentCache full:https://registry.npmjs.org/@types%2fjson-schema set size:44704 disposed:false
238 silly fetch manifest strip-json-comments@^3.1.1
239 silly packumentCache full:https://registry.npmjs.org/strip-json-comments cache-miss
240 http fetch GET 200 https://registry.npmjs.org/js-yaml 236ms (cache miss)
241 silly packumentCache full:https://registry.npmjs.org/js-yaml set size:undefined disposed:false
242 silly fetch manifest ansi-styles@^4.1.0
243 silly packumentCache full:https://registry.npmjs.org/ansi-styles cache-miss
244 http fetch GET 200 https://registry.npmjs.org/globals 251ms (cache updated)
245 silly packumentCache full:https://registry.npmjs.org/globals set size:undefined disposed:false
246 silly fetch manifest supports-color@^7.1.0
247 silly packumentCache full:https://registry.npmjs.org/supports-color cache-miss
248 http fetch GET 200 https://registry.npmjs.org/@eslint%2fobject-schema 264ms (cache revalidated)
249 silly packumentCache full:https://registry.npmjs.org/@eslint%2fobject-schema set size:38535 disposed:false
250 silly fetch manifest esrecurse@^4.3.0
251 silly packumentCache full:https://registry.npmjs.org/esrecurse cache-miss
252 http fetch GET 200 https://registry.npmjs.org/import-fresh 296ms (cache miss)
253 silly packumentCache full:https://registry.npmjs.org/import-fresh set size:undefined disposed:false
254 silly fetch manifest acorn@^8.15.0
255 silly packumentCache full:https://registry.npmjs.org/acorn cache-miss
256 http fetch GET 200 https://registry.npmjs.org/esrecurse 210ms (cache revalidated)
257 silly packumentCache full:https://registry.npmjs.org/esrecurse set size:29005 disposed:false
258 silly fetch manifest acorn-jsx@^5.3.2
259 silly packumentCache full:https://registry.npmjs.org/acorn-jsx cache-miss
260 http fetch GET 200 https://registry.npmjs.org/strip-json-comments 250ms (cache miss)
261 silly packumentCache full:https://registry.npmjs.org/strip-json-comments set size:undefined disposed:false
262 silly fetch manifest brace-expansion@^1.1.7
263 silly packumentCache full:https://registry.npmjs.org/brace-expansion cache-miss
264 http fetch GET 200 https://registry.npmjs.org/ansi-styles 240ms (cache miss)
265 silly packumentCache full:https://registry.npmjs.org/ansi-styles set size:undefined disposed:false
266 http fetch GET 200 https://registry.npmjs.org/supports-color 232ms (cache miss)
267 silly packumentCache full:https://registry.npmjs.org/supports-color set size:undefined disposed:false
268 http fetch GET 200 https://registry.npmjs.org/acorn 204ms (cache revalidated)
269 silly packumentCache full:https://registry.npmjs.org/acorn set size:379626 disposed:false
270 http fetch GET 200 https://registry.npmjs.org/acorn-jsx 220ms (cache revalidated)
271 silly packumentCache full:https://registry.npmjs.org/acorn-jsx set size:71068 disposed:false
272 http fetch GET 200 https://registry.npmjs.org/brace-expansion 220ms (cache revalidated)
273 silly packumentCache full:https://registry.npmjs.org/brace-expansion set size:65768 disposed:false
274 silly placeDep ROOT @eslint/object-schema@2.1.7 OK for: @eslint/config-array@0.21.2 want: ^2.1.7
275 silly placeDep ROOT @types/json-schema@7.0.15 OK for: @eslint/core@0.17.0 want: ^7.0.15
276 silly placeDep node_modules/@eslint/eslintrc globals@14.0.0 OK for: @eslint/eslintrc@3.3.5 want: ^14.0.0
277 silly placeDep ROOT import-fresh@3.3.1 OK for: @eslint/eslintrc@3.3.5 want: ^3.2.1
278 silly placeDep ROOT js-yaml@4.1.1 OK for: @eslint/eslintrc@3.3.5 want: ^4.1.1
279 silly placeDep ROOT strip-json-comments@3.1.1 OK for: @eslint/eslintrc@3.3.5 want: ^3.1.1
280 silly fetch manifest resolve-from@^4.0.0
281 silly packumentCache full:https://registry.npmjs.org/resolve-from cache-miss
282 silly fetch manifest parent-module@^1.0.0
283 silly packumentCache full:https://registry.npmjs.org/parent-module cache-miss
284 silly fetch manifest argparse@^2.0.1
285 silly packumentCache full:https://registry.npmjs.org/argparse cache-miss
286 http fetch GET 200 https://registry.npmjs.org/resolve-from 237ms (cache miss)
287 silly packumentCache full:https://registry.npmjs.org/resolve-from set size:undefined disposed:false
288 http fetch GET 200 https://registry.npmjs.org/parent-module 245ms (cache miss)
289 silly packumentCache full:https://registry.npmjs.org/parent-module set size:undefined disposed:false
290 http fetch GET 200 https://registry.npmjs.org/argparse 253ms (cache miss)
291 silly packumentCache full:https://registry.npmjs.org/argparse set size:undefined disposed:false
292 silly placeDep ROOT ansi-styles@4.3.0 OK for: chalk@4.1.2 want: ^4.1.0
293 silly placeDep ROOT supports-color@7.2.0 OK for: chalk@4.1.2 want: ^7.1.0
294 silly fetch manifest color-convert@^2.0.1
295 silly packumentCache full:https://registry.npmjs.org/color-convert cache-miss
296 silly fetch manifest has-flag@^4.0.0
297 silly packumentCache full:https://registry.npmjs.org/has-flag cache-miss
298 http fetch GET 200 https://registry.npmjs.org/has-flag 262ms (cache miss)
299 silly packumentCache full:https://registry.npmjs.org/has-flag set size:undefined disposed:false
300 http fetch GET 200 https://registry.npmjs.org/color-convert 274ms (cache miss)
301 silly packumentCache full:https://registry.npmjs.org/color-convert set size:undefined disposed:false
302 silly placeDep ROOT color-convert@2.0.1 OK for: ansi-styles@4.3.0 want: ^2.0.1
303 silly fetch manifest color-name@~1.1.4
304 silly packumentCache full:https://registry.npmjs.org/color-name cache-miss
305 http fetch GET 200 https://registry.npmjs.org/color-name 222ms (cache miss)
306 silly packumentCache full:https://registry.npmjs.org/color-name set size:undefined disposed:false
307 silly placeDep ROOT color-name@1.1.4 OK for: color-convert@2.0.1 want: ~1.1.4
308 silly placeDep ROOT esrecurse@4.3.0 OK for: eslint-scope@8.4.0 want: ^4.3.0
309 silly placeDep ROOT acorn@8.16.0 OK for: espree@10.4.0 want: ^8.15.0
310 silly placeDep ROOT acorn-jsx@5.3.2 OK for: espree@10.4.0 want: ^5.3.2
311 silly placeDep ROOT parent-module@1.0.1 OK for: import-fresh@3.3.1 want: ^1.0.0
312 silly placeDep ROOT resolve-from@4.0.0 OK for: import-fresh@3.3.1 want: ^4.0.0
313 silly fetch manifest callsites@^3.0.0
314 silly packumentCache full:https://registry.npmjs.org/callsites cache-miss
315 http fetch GET 200 https://registry.npmjs.org/callsites 250ms (cache miss)
316 silly packumentCache full:https://registry.npmjs.org/callsites set size:undefined disposed:false
317 silly placeDep ROOT argparse@2.0.1 OK for: js-yaml@4.1.1 want: ^2.0.1
318 silly placeDep ROOT brace-expansion@1.1.14 OK for: minimatch@3.1.5 want: ^1.1.7
319 silly fetch manifest concat-map@0.0.1
320 silly packumentCache full:https://registry.npmjs.org/concat-map cache-miss
321 silly fetch manifest balanced-match@^1.0.0
322 silly packumentCache full:https://registry.npmjs.org/balanced-match cache-miss
323 http fetch GET 200 https://registry.npmjs.org/balanced-match 256ms (cache revalidated)
324 silly packumentCache full:https://registry.npmjs.org/balanced-match set size:39082 disposed:false
325 http fetch GET 200 https://registry.npmjs.org/concat-map 272ms (cache miss)
326 silly packumentCache full:https://registry.npmjs.org/concat-map set size:undefined disposed:false
327 silly placeDep ROOT balanced-match@1.0.2 OK for: brace-expansion@1.1.14 want: ^1.0.0
328 silly placeDep ROOT concat-map@0.0.1 OK for: brace-expansion@1.1.14 want: 0.0.1
329 silly placeDep ROOT callsites@3.1.0 OK for: parent-module@1.0.1 want: ^3.0.0
330 silly placeDep ROOT loose-envify@1.4.0 OK for: react@18.3.1 want: ^1.1.0
331 silly placeDep ROOT scheduler@0.23.2 OK for: react-dom@18.3.1 want: ^0.23.2
332 silly placeDep ROOT has-flag@4.0.0 OK for: supports-color@7.2.0 want: ^4.0.0
333 silly placeDep ROOT esbuild@0.21.5 OK for: vite@5.4.21 want: ^0.21.3
334 silly placeDep ROOT fsevents@2.3.3 OK for: vite@5.4.21 want: ~2.3.3
335 silly placeDep ROOT postcss@8.5.13 OK for: vite@5.4.21 want: ^8.4.43
336 silly placeDep ROOT rollup@4.60.2 OK for: vite@5.4.21 want: ^4.20.0
337 silly fetch manifest @esbuild/aix-ppc64@0.21.5
338 silly packumentCache full:https://registry.npmjs.org/@esbuild%2faix-ppc64 cache-miss
339 silly fetch manifest @esbuild/linux-arm@0.21.5
340 silly packumentCache full:https://registry.npmjs.org/@esbuild%2flinux-arm cache-miss
341 silly fetch manifest @esbuild/linux-x64@0.21.5
342 silly packumentCache full:https://registry.npmjs.org/@esbuild%2flinux-x64 cache-miss
343 silly fetch manifest @esbuild/sunos-x64@0.21.5
344 silly packumentCache full:https://registry.npmjs.org/@esbuild%2fsunos-x64 cache-miss
345 silly fetch manifest @esbuild/win32-x64@0.21.5
346 silly packumentCache full:https://registry.npmjs.org/@esbuild%2fwin32-x64 cache-miss
347 http fetch GET 200 https://registry.npmjs.org/@esbuild%2faix-ppc64 321ms (cache miss)
348 silly packumentCache full:https://registry.npmjs.org/@esbuild%2faix-ppc64 set size:undefined disposed:false
349 silly fetch manifest @esbuild/darwin-x64@0.21.5
350 silly packumentCache full:https://registry.npmjs.org/@esbuild%2fdarwin-x64 cache-miss
351 http fetch GET 200 https://registry.npmjs.org/@esbuild%2flinux-arm 338ms (cache miss)
352 silly packumentCache full:https://registry.npmjs.org/@esbuild%2flinux-arm set size:undefined disposed:false
353 silly fetch manifest @esbuild/linux-ia32@0.21.5
354 silly packumentCache full:https://registry.npmjs.org/@esbuild%2flinux-ia32 cache-miss
355 http fetch GET 200 https://registry.npmjs.org/@esbuild%2flinux-x64 345ms (cache miss)
356 silly packumentCache full:https://registry.npmjs.org/@esbuild%2flinux-x64 set size:undefined disposed:false
357 silly fetch manifest @esbuild/netbsd-x64@0.21.5
358 silly packumentCache full:https://registry.npmjs.org/@esbuild%2fnetbsd-x64 cache-miss
359 http fetch GET 200 https://registry.npmjs.org/@esbuild%2fsunos-x64 393ms (cache miss)
360 silly packumentCache full:https://registry.npmjs.org/@esbuild%2fsunos-x64 set size:undefined disposed:false
361 silly fetch manifest @esbuild/win32-ia32@0.21.5
362 silly packumentCache full:https://registry.npmjs.org/@esbuild%2fwin32-ia32 cache-miss
363 http fetch GET 200 https://registry.npmjs.org/@esbuild%2fwin32-x64 420ms (cache miss)
364 silly packumentCache full:https://registry.npmjs.org/@esbuild%2fwin32-x64 set size:undefined disposed:false
365 silly fetch manifest @esbuild/android-arm@0.21.5
366 silly packumentCache full:https://registry.npmjs.org/@esbuild%2fandroid-arm cache-miss
367 http fetch GET 200 https://registry.npmjs.org/@esbuild%2fnetbsd-x64 354ms (cache miss)
368 silly packumentCache full:https://registry.npmjs.org/@esbuild%2fnetbsd-x64 set size:undefined disposed:false
369 silly fetch manifest @esbuild/android-x64@0.21.5
370 silly packumentCache full:https://registry.npmjs.org/@esbuild%2fandroid-x64 cache-miss
371 http fetch GET 200 https://registry.npmjs.org/@esbuild%2flinux-ia32 375ms (cache miss)
372 silly packumentCache full:https://registry.npmjs.org/@esbuild%2flinux-ia32 set size:undefined disposed:false
373 silly fetch manifest @esbuild/freebsd-x64@0.21.5
374 silly packumentCache full:https://registry.npmjs.org/@esbuild%2ffreebsd-x64 cache-miss
375 http fetch GET 200 https://registry.npmjs.org/@esbuild%2fwin32-ia32 322ms (cache miss)
376 silly packumentCache full:https://registry.npmjs.org/@esbuild%2fwin32-ia32 set size:undefined disposed:false
377 silly fetch manifest @esbuild/linux-arm64@0.21.5
378 silly packumentCache full:https://registry.npmjs.org/@esbuild%2flinux-arm64 cache-miss
379 http fetch GET 200 https://registry.npmjs.org/@esbuild%2fandroid-arm 319ms (cache miss)
380 silly packumentCache full:https://registry.npmjs.org/@esbuild%2fandroid-arm set size:undefined disposed:false
381 silly fetch manifest @esbuild/linux-ppc64@0.21.5
382 silly packumentCache full:https://registry.npmjs.org/@esbuild%2flinux-ppc64 cache-miss
383 http fetch GET 200 https://registry.npmjs.org/@esbuild%2fdarwin-x64 483ms (cache miss)
384 silly packumentCache full:https://registry.npmjs.org/@esbuild%2fdarwin-x64 set size:undefined disposed:false
385 silly fetch manifest @esbuild/linux-s390x@0.21.5
386 silly packumentCache full:https://registry.npmjs.org/@esbuild%2flinux-s390x cache-miss
387 http fetch GET 200 https://registry.npmjs.org/@esbuild%2ffreebsd-x64 281ms (cache miss)
388 silly packumentCache full:https://registry.npmjs.org/@esbuild%2ffreebsd-x64 set size:undefined disposed:false
389 silly fetch manifest @esbuild/openbsd-x64@0.21.5
390 silly packumentCache full:https://registry.npmjs.org/@esbuild%2fopenbsd-x64 cache-miss
391 http fetch GET 200 https://registry.npmjs.org/@esbuild%2fandroid-x64 309ms (cache miss)
392 silly packumentCache full:https://registry.npmjs.org/@esbuild%2fandroid-x64 set size:undefined disposed:false
393 silly fetch manifest @esbuild/win32-arm64@0.21.5
394 silly packumentCache full:https://registry.npmjs.org/@esbuild%2fwin32-arm64 cache-miss
395 http fetch GET 200 https://registry.npmjs.org/@esbuild%2flinux-arm64 309ms (cache miss)
396 silly packumentCache full:https://registry.npmjs.org/@esbuild%2flinux-arm64 set size:undefined disposed:false
397 silly fetch manifest @esbuild/darwin-arm64@0.21.5
398 silly packumentCache full:https://registry.npmjs.org/@esbuild%2fdarwin-arm64 cache-miss
399 http fetch GET 200 https://registry.npmjs.org/@esbuild%2flinux-ppc64 314ms (cache miss)
400 silly packumentCache full:https://registry.npmjs.org/@esbuild%2flinux-ppc64 set size:undefined disposed:false
401 silly fetch manifest @esbuild/android-arm64@0.21.5
402 silly packumentCache full:https://registry.npmjs.org/@esbuild%2fandroid-arm64 cache-miss
403 http fetch GET 200 https://registry.npmjs.org/@esbuild%2flinux-s390x 297ms (cache miss)
404 silly packumentCache full:https://registry.npmjs.org/@esbuild%2flinux-s390x set size:undefined disposed:false
405 silly fetch manifest @esbuild/freebsd-arm64@0.21.5
406 silly packumentCache full:https://registry.npmjs.org/@esbuild%2ffreebsd-arm64 cache-miss
407 http fetch GET 200 https://registry.npmjs.org/@esbuild%2fopenbsd-x64 310ms (cache miss)
408 silly packumentCache full:https://registry.npmjs.org/@esbuild%2fopenbsd-x64 set size:undefined disposed:false
409 silly fetch manifest @esbuild/linux-loong64@0.21.5
410 silly packumentCache full:https://registry.npmjs.org/@esbuild%2flinux-loong64 cache-miss
411 http fetch GET 200 https://registry.npmjs.org/@esbuild%2fwin32-arm64 310ms (cache miss)
412 silly packumentCache full:https://registry.npmjs.org/@esbuild%2fwin32-arm64 set size:undefined disposed:false
413 silly fetch manifest @esbuild/linux-riscv64@0.21.5
414 silly packumentCache full:https://registry.npmjs.org/@esbuild%2flinux-riscv64 cache-miss
415 http fetch GET 200 https://registry.npmjs.org/@esbuild%2fdarwin-arm64 345ms (cache miss)
416 silly packumentCache full:https://registry.npmjs.org/@esbuild%2fdarwin-arm64 set size:undefined disposed:false
417 silly fetch manifest @esbuild/linux-mips64el@0.21.5
418 silly packumentCache full:https://registry.npmjs.org/@esbuild%2flinux-mips64el cache-miss
419 http fetch GET 200 https://registry.npmjs.org/@esbuild%2fandroid-arm64 323ms (cache miss)
420 silly packumentCache full:https://registry.npmjs.org/@esbuild%2fandroid-arm64 set size:undefined disposed:false
421 silly fetch manifest nanoid@^3.3.11
422 silly packumentCache full:https://registry.npmjs.org/nanoid cache-miss
423 http fetch GET 200 https://registry.npmjs.org/@esbuild%2ffreebsd-arm64 299ms (cache miss)
424 silly packumentCache full:https://registry.npmjs.org/@esbuild%2ffreebsd-arm64 set size:undefined disposed:false
425 silly fetch manifest source-map-js@^1.2.1
426 silly packumentCache full:https://registry.npmjs.org/source-map-js cache-miss
427 http fetch GET 200 https://registry.npmjs.org/nanoid 250ms (cache revalidated)
428 silly packumentCache full:https://registry.npmjs.org/nanoid set size:310559 disposed:false
429 silly fetch manifest @rollup/rollup-darwin-arm64@4.60.2
430 silly packumentCache full:https://registry.npmjs.org/@rollup%2frollup-darwin-arm64 cache-miss
431 http fetch GET 200 https://registry.npmjs.org/source-map-js 252ms (cache revalidated)
432 silly packumentCache full:https://registry.npmjs.org/source-map-js set size:62640 disposed:false
433 silly fetch manifest @rollup/rollup-android-arm64@4.60.2
434 silly packumentCache full:https://registry.npmjs.org/@rollup%2frollup-android-arm64 cache-miss
435 http fetch GET 200 https://registry.npmjs.org/@esbuild%2flinux-loong64 367ms (cache miss)
436 silly packumentCache full:https://registry.npmjs.org/@esbuild%2flinux-loong64 set size:undefined disposed:false
437 silly fetch manifest @rollup/rollup-win32-arm64-msvc@4.60.2
438 silly packumentCache full:https://registry.npmjs.org/@rollup%2frollup-win32-arm64-msvc cache-miss
439 http fetch GET 200 https://registry.npmjs.org/@esbuild%2flinux-riscv64 360ms (cache miss)
440 silly packumentCache full:https://registry.npmjs.org/@esbuild%2flinux-riscv64 set size:undefined disposed:false
441 silly fetch manifest @rollup/rollup-freebsd-arm64@4.60.2
442 silly packumentCache full:https://registry.npmjs.org/@rollup%2frollup-freebsd-arm64 cache-miss
443 http fetch GET 200 https://registry.npmjs.org/@esbuild%2flinux-mips64el 323ms (cache miss)
444 silly packumentCache full:https://registry.npmjs.org/@esbuild%2flinux-mips64el set size:undefined disposed:false
445 silly fetch manifest @rollup/rollup-linux-arm64-gnu@4.60.2
446 silly packumentCache full:https://registry.npmjs.org/@rollup%2frollup-linux-arm64-gnu cache-miss
447 http fetch GET 200 https://registry.npmjs.org/@rollup%2frollup-darwin-arm64 286ms (cache miss)
448 silly packumentCache full:https://registry.npmjs.org/@rollup%2frollup-darwin-arm64 set size:undefined disposed:false
449 silly fetch manifest @rollup/rollup-linux-arm64-musl@4.60.2
450 silly packumentCache full:https://registry.npmjs.org/@rollup%2frollup-linux-arm64-musl cache-miss
451 http fetch GET 200 https://registry.npmjs.org/@rollup%2frollup-win32-arm64-msvc 288ms (cache miss)
452 silly packumentCache full:https://registry.npmjs.org/@rollup%2frollup-win32-arm64-msvc set size:undefined disposed:false
453 silly fetch manifest @rollup/rollup-android-arm-eabi@4.60.2
454 silly packumentCache full:https://registry.npmjs.org/@rollup%2frollup-android-arm-eabi cache-miss
455 http fetch GET 200 https://registry.npmjs.org/@rollup%2frollup-freebsd-arm64 290ms (cache miss)
456 silly packumentCache full:https://registry.npmjs.org/@rollup%2frollup-freebsd-arm64 set size:undefined disposed:false
457 silly fetch manifest @rollup/rollup-linux-arm-gnueabihf@4.60.2
458 silly packumentCache full:https://registry.npmjs.org/@rollup%2frollup-linux-arm-gnueabihf cache-miss
459 http fetch GET 200 https://registry.npmjs.org/@rollup%2frollup-android-arm64 320ms (cache miss)
460 silly packumentCache full:https://registry.npmjs.org/@rollup%2frollup-android-arm64 set size:undefined disposed:false
461 silly fetch manifest @rollup/rollup-linux-arm-musleabihf@4.60.2
462 silly packumentCache full:https://registry.npmjs.org/@rollup%2frollup-linux-arm-musleabihf cache-miss
463 http fetch GET 200 https://registry.npmjs.org/@rollup%2frollup-linux-arm64-gnu 334ms (cache miss)
464 silly packumentCache full:https://registry.npmjs.org/@rollup%2frollup-linux-arm64-gnu set size:undefined disposed:false
465 silly fetch manifest @rollup/rollup-win32-ia32-msvc@4.60.2
466 silly packumentCache full:https://registry.npmjs.org/@rollup%2frollup-win32-ia32-msvc cache-miss
467 http fetch GET 200 https://registry.npmjs.org/@rollup%2frollup-linux-arm64-musl 274ms (cache miss)
468 silly packumentCache full:https://registry.npmjs.org/@rollup%2frollup-linux-arm64-musl set size:undefined disposed:false
469 silly fetch manifest @rollup/rollup-linux-loong64-gnu@4.60.2
470 silly packumentCache full:https://registry.npmjs.org/@rollup%2frollup-linux-loong64-gnu cache-miss
471 http fetch GET 200 https://registry.npmjs.org/@rollup%2frollup-linux-arm-musleabihf 301ms (cache miss)
472 silly packumentCache full:https://registry.npmjs.org/@rollup%2frollup-linux-arm-musleabihf set size:undefined disposed:false
473 silly fetch manifest @rollup/rollup-linux-loong64-musl@4.60.2
474 silly packumentCache full:https://registry.npmjs.org/@rollup%2frollup-linux-loong64-musl cache-miss
475 http fetch GET 200 https://registry.npmjs.org/@rollup%2frollup-android-arm-eabi 336ms (cache miss)
476 silly packumentCache full:https://registry.npmjs.org/@rollup%2frollup-android-arm-eabi set size:undefined disposed:false
477 silly fetch manifest @rollup/rollup-linux-riscv64-gnu@4.60.2
478 silly packumentCache full:https://registry.npmjs.org/@rollup%2frollup-linux-riscv64-gnu cache-miss
479 http fetch GET 200 https://registry.npmjs.org/@rollup%2frollup-linux-arm-gnueabihf 349ms (cache miss)
480 silly packumentCache full:https://registry.npmjs.org/@rollup%2frollup-linux-arm-gnueabihf set size:undefined disposed:false
481 silly fetch manifest @rollup/rollup-linux-riscv64-musl@4.60.2
482 silly packumentCache full:https://registry.npmjs.org/@rollup%2frollup-linux-riscv64-musl cache-miss
483 http fetch GET 200 https://registry.npmjs.org/@rollup%2frollup-win32-ia32-msvc 302ms (cache miss)
484 silly packumentCache full:https://registry.npmjs.org/@rollup%2frollup-win32-ia32-msvc set size:undefined disposed:false
485 silly fetch manifest @rollup/rollup-linux-ppc64-gnu@4.60.2
486 silly packumentCache full:https://registry.npmjs.org/@rollup%2frollup-linux-ppc64-gnu cache-miss
487 http fetch GET 200 https://registry.npmjs.org/@rollup%2frollup-linux-loong64-musl 264ms (cache miss)
488 silly packumentCache full:https://registry.npmjs.org/@rollup%2frollup-linux-loong64-musl set size:undefined disposed:false
489 silly fetch manifest @rollup/rollup-linux-ppc64-musl@4.60.2
490 silly packumentCache full:https://registry.npmjs.org/@rollup%2frollup-linux-ppc64-musl cache-miss
491 http fetch GET 200 https://registry.npmjs.org/@rollup%2frollup-linux-loong64-gnu 346ms (cache miss)
492 silly packumentCache full:https://registry.npmjs.org/@rollup%2frollup-linux-loong64-gnu set size:undefined disposed:false
493 silly fetch manifest @rollup/rollup-linux-s390x-gnu@4.60.2
494 silly packumentCache full:https://registry.npmjs.org/@rollup%2frollup-linux-s390x-gnu cache-miss
495 http fetch GET 200 https://registry.npmjs.org/@rollup%2frollup-linux-ppc64-gnu 292ms (cache miss)
496 silly packumentCache full:https://registry.npmjs.org/@rollup%2frollup-linux-ppc64-gnu set size:undefined disposed:false
497 silly fetch manifest @rollup/rollup-darwin-x64@4.60.2
498 silly packumentCache full:https://registry.npmjs.org/@rollup%2frollup-darwin-x64 cache-miss
499 http fetch GET 200 https://registry.npmjs.org/@rollup%2frollup-linux-riscv64-musl 326ms (cache miss)
500 silly packumentCache full:https://registry.npmjs.org/@rollup%2frollup-linux-riscv64-musl set size:undefined disposed:false
501 silly fetch manifest @rollup/rollup-win32-x64-gnu@4.60.2
502 silly packumentCache full:https://registry.npmjs.org/@rollup%2frollup-win32-x64-gnu cache-miss
503 http fetch GET 200 https://registry.npmjs.org/@rollup%2frollup-linux-riscv64-gnu 355ms (cache miss)
504 silly packumentCache full:https://registry.npmjs.org/@rollup%2frollup-linux-riscv64-gnu set size:undefined disposed:false
505 silly fetch manifest @rollup/rollup-win32-x64-msvc@4.60.2
506 silly packumentCache full:https://registry.npmjs.org/@rollup%2frollup-win32-x64-msvc cache-miss
507 http fetch GET 200 https://registry.npmjs.org/@rollup%2frollup-linux-ppc64-musl 252ms (cache miss)
508 silly packumentCache full:https://registry.npmjs.org/@rollup%2frollup-linux-ppc64-musl set size:undefined disposed:false
509 silly fetch manifest @rollup/rollup-freebsd-x64@4.60.2
510 silly packumentCache full:https://registry.npmjs.org/@rollup%2frollup-freebsd-x64 cache-miss
511 http fetch GET 200 https://registry.npmjs.org/@rollup%2frollup-linux-s390x-gnu 269ms (cache miss)
512 silly packumentCache full:https://registry.npmjs.org/@rollup%2frollup-linux-s390x-gnu set size:undefined disposed:false
513 silly fetch manifest @rollup/rollup-linux-x64-gnu@4.60.2
514 silly packumentCache full:https://registry.npmjs.org/@rollup%2frollup-linux-x64-gnu cache-miss
515 http fetch GET 200 https://registry.npmjs.org/@rollup%2frollup-win32-x64-gnu 273ms (cache miss)
516 silly packumentCache full:https://registry.npmjs.org/@rollup%2frollup-win32-x64-gnu set size:undefined disposed:false
517 silly fetch manifest @rollup/rollup-linux-x64-musl@4.60.2
518 silly packumentCache full:https://registry.npmjs.org/@rollup%2frollup-linux-x64-musl cache-miss
519 http fetch GET 200 https://registry.npmjs.org/@rollup%2frollup-win32-x64-msvc 290ms (cache miss)
520 silly packumentCache full:https://registry.npmjs.org/@rollup%2frollup-win32-x64-msvc set size:undefined disposed:false
521 silly fetch manifest @rollup/rollup-openbsd-x64@4.60.2
522 silly packumentCache full:https://registry.npmjs.org/@rollup%2frollup-openbsd-x64 cache-miss
523 http fetch GET 200 https://registry.npmjs.org/@rollup%2frollup-darwin-x64 330ms (cache miss)
524 silly packumentCache full:https://registry.npmjs.org/@rollup%2frollup-darwin-x64 set size:undefined disposed:false
525 silly fetch manifest @rollup/rollup-openharmony-arm64@4.60.2
526 silly packumentCache full:https://registry.npmjs.org/@rollup%2frollup-openharmony-arm64 cache-miss
527 http fetch GET 200 https://registry.npmjs.org/@rollup%2frollup-freebsd-x64 268ms (cache miss)
528 silly packumentCache full:https://registry.npmjs.org/@rollup%2frollup-freebsd-x64 set size:undefined disposed:false
529 http fetch GET 200 https://registry.npmjs.org/@rollup%2frollup-linux-x64-gnu 254ms (cache miss)
530 silly packumentCache full:https://registry.npmjs.org/@rollup%2frollup-linux-x64-gnu set size:undefined disposed:false
531 http fetch GET 200 https://registry.npmjs.org/@rollup%2frollup-openbsd-x64 240ms (cache miss)
532 silly packumentCache full:https://registry.npmjs.org/@rollup%2frollup-openbsd-x64 set size:undefined disposed:false
533 http fetch GET 200 https://registry.npmjs.org/@rollup%2frollup-openharmony-arm64 257ms (cache miss)
534 silly packumentCache full:https://registry.npmjs.org/@rollup%2frollup-openharmony-arm64 set size:undefined disposed:false
535 http fetch GET 200 https://registry.npmjs.org/@rollup%2frollup-linux-x64-musl 321ms (cache miss)
536 silly packumentCache full:https://registry.npmjs.org/@rollup%2frollup-linux-x64-musl set size:undefined disposed:false
537 silly placeDep ROOT @esbuild/aix-ppc64@0.21.5 OK for: esbuild@0.21.5 want: 0.21.5
538 silly placeDep ROOT @esbuild/android-arm@0.21.5 OK for: esbuild@0.21.5 want: 0.21.5
539 silly placeDep ROOT @esbuild/android-arm64@0.21.5 OK for: esbuild@0.21.5 want: 0.21.5
540 silly placeDep ROOT @esbuild/android-x64@0.21.5 OK for: esbuild@0.21.5 want: 0.21.5
541 silly placeDep ROOT @esbuild/darwin-arm64@0.21.5 OK for: esbuild@0.21.5 want: 0.21.5
542 silly placeDep ROOT @esbuild/darwin-x64@0.21.5 OK for: esbuild@0.21.5 want: 0.21.5
543 silly placeDep ROOT @esbuild/freebsd-arm64@0.21.5 OK for: esbuild@0.21.5 want: 0.21.5
544 silly placeDep ROOT @esbuild/freebsd-x64@0.21.5 OK for: esbuild@0.21.5 want: 0.21.5
545 silly placeDep ROOT @esbuild/linux-arm@0.21.5 OK for: esbuild@0.21.5 want: 0.21.5
546 silly placeDep ROOT @esbuild/linux-arm64@0.21.5 OK for: esbuild@0.21.5 want: 0.21.5
547 silly placeDep ROOT @esbuild/linux-ia32@0.21.5 OK for: esbuild@0.21.5 want: 0.21.5
548 silly placeDep ROOT @esbuild/linux-loong64@0.21.5 OK for: esbuild@0.21.5 want: 0.21.5
549 silly placeDep ROOT @esbuild/linux-mips64el@0.21.5 OK for: esbuild@0.21.5 want: 0.21.5
550 silly placeDep ROOT @esbuild/linux-ppc64@0.21.5 OK for: esbuild@0.21.5 want: 0.21.5
551 silly placeDep ROOT @esbuild/linux-riscv64@0.21.5 OK for: esbuild@0.21.5 want: 0.21.5
552 silly placeDep ROOT @esbuild/linux-s390x@0.21.5 OK for: esbuild@0.21.5 want: 0.21.5
553 silly placeDep ROOT @esbuild/linux-x64@0.21.5 OK for: esbuild@0.21.5 want: 0.21.5
554 silly placeDep ROOT @esbuild/netbsd-x64@0.21.5 OK for: esbuild@0.21.5 want: 0.21.5
555 silly placeDep ROOT @esbuild/openbsd-x64@0.21.5 OK for: esbuild@0.21.5 want: 0.21.5
556 silly placeDep ROOT @esbuild/sunos-x64@0.21.5 OK for: esbuild@0.21.5 want: 0.21.5
557 silly placeDep ROOT @esbuild/win32-arm64@0.21.5 OK for: esbuild@0.21.5 want: 0.21.5
558 silly placeDep ROOT @esbuild/win32-ia32@0.21.5 OK for: esbuild@0.21.5 want: 0.21.5
559 silly placeDep ROOT @esbuild/win32-x64@0.21.5 OK for: esbuild@0.21.5 want: 0.21.5
560 silly placeDep ROOT nanoid@3.3.12 OK for: postcss@8.5.13 want: ^3.3.11
561 silly placeDep ROOT source-map-js@1.2.1 OK for: postcss@8.5.13 want: ^1.2.1
562 silly placeDep ROOT @rollup/rollup-android-arm-eabi@4.60.2 OK for: rollup@4.60.2 want: 4.60.2
563 silly placeDep ROOT @rollup/rollup-android-arm64@4.60.2 OK for: rollup@4.60.2 want: 4.60.2
564 silly placeDep ROOT @rollup/rollup-darwin-arm64@4.60.2 OK for: rollup@4.60.2 want: 4.60.2
565 silly placeDep ROOT @rollup/rollup-darwin-x64@4.60.2 OK for: rollup@4.60.2 want: 4.60.2
566 silly placeDep ROOT @rollup/rollup-freebsd-arm64@4.60.2 OK for: rollup@4.60.2 want: 4.60.2
567 silly placeDep ROOT @rollup/rollup-freebsd-x64@4.60.2 OK for: rollup@4.60.2 want: 4.60.2
568 silly placeDep ROOT @rollup/rollup-linux-arm-gnueabihf@4.60.2 OK for: rollup@4.60.2 want: 4.60.2
569 silly placeDep ROOT @rollup/rollup-linux-arm-musleabihf@4.60.2 OK for: rollup@4.60.2 want: 4.60.2
570 silly placeDep ROOT @rollup/rollup-linux-arm64-gnu@4.60.2 OK for: rollup@4.60.2 want: 4.60.2
571 silly placeDep ROOT @rollup/rollup-linux-arm64-musl@4.60.2 OK for: rollup@4.60.2 want: 4.60.2
572 silly placeDep ROOT @rollup/rollup-linux-loong64-gnu@4.60.2 OK for: rollup@4.60.2 want: 4.60.2
573 silly placeDep ROOT @rollup/rollup-linux-loong64-musl@4.60.2 OK for: rollup@4.60.2 want: 4.60.2
574 silly placeDep ROOT @rollup/rollup-linux-ppc64-gnu@4.60.2 OK for: rollup@4.60.2 want: 4.60.2
575 silly placeDep ROOT @rollup/rollup-linux-ppc64-musl@4.60.2 OK for: rollup@4.60.2 want: 4.60.2
576 silly placeDep ROOT @rollup/rollup-linux-riscv64-gnu@4.60.2 OK for: rollup@4.60.2 want: 4.60.2
577 silly placeDep ROOT @rollup/rollup-linux-riscv64-musl@4.60.2 OK for: rollup@4.60.2 want: 4.60.2
578 silly placeDep ROOT @rollup/rollup-linux-s390x-gnu@4.60.2 OK for: rollup@4.60.2 want: 4.60.2
579 silly placeDep ROOT @rollup/rollup-linux-x64-gnu@4.60.2 OK for: rollup@4.60.2 want: 4.60.2
580 silly placeDep ROOT @rollup/rollup-linux-x64-musl@4.60.2 OK for: rollup@4.60.2 want: 4.60.2
581 silly placeDep ROOT @rollup/rollup-openbsd-x64@4.60.2 OK for: rollup@4.60.2 want: 4.60.2
582 silly placeDep ROOT @rollup/rollup-openharmony-arm64@4.60.2 OK for: rollup@4.60.2 want: 4.60.2
583 silly placeDep ROOT @rollup/rollup-win32-arm64-msvc@4.60.2 OK for: rollup@4.60.2 want: 4.60.2
584 silly placeDep ROOT @rollup/rollup-win32-ia32-msvc@4.60.2 OK for: rollup@4.60.2 want: 4.60.2
585 silly placeDep ROOT @rollup/rollup-win32-x64-gnu@4.60.2 OK for: rollup@4.60.2 want: 4.60.2
586 silly placeDep ROOT @rollup/rollup-win32-x64-msvc@4.60.2 OK for: rollup@4.60.2 want: 4.60.2
587 silly reify mark retired [
587 silly reify   '/data/data/com.termux/files/home/my-app/node_modules/@eslint/config-array'
587 silly reify ]
588 silly reify mark retired [
588 silly reify   '/data/data/com.termux/files/home/my-app/node_modules/@eslint/config-helpers'
588 silly reify ]
589 silly reify mark retired [ '/data/data/com.termux/files/home/my-app/node_modules/@eslint/core' ]
590 silly reify mark retired [ '/data/data/com.termux/files/home/my-app/node_modules/@eslint/js' ]
591 silly reify mark retired [
591 silly reify   '/data/data/com.termux/files/home/my-app/node_modules/@eslint/object-schema'
591 silly reify ]
592 silly reify mark retired [
592 silly reify   '/data/data/com.termux/files/home/my-app/node_modules/@eslint/plugin-kit'
592 silly reify ]
593 silly reify mark retired [
593 silly reify   '/data/data/com.termux/files/home/my-app/node_modules/@oxc-project/types'
593 silly reify ]
594 silly reify mark retired [
594 silly reify   '/data/data/com.termux/files/home/my-app/node_modules/@rolldown/binding-android-arm64'
594 silly reify ]
595 silly reify mark retired [
595 silly reify   '/data/data/com.termux/files/home/my-app/node_modules/@rolldown/pluginutils'
595 silly reify ]
596 silly reify mark retired [
596 silly reify   '/data/data/com.termux/files/home/my-app/node_modules/@types/esrecurse'
596 silly reify ]
597 silly reify mark retired [ '/data/data/com.termux/files/home/my-app/node_modules/@types/react' ]
598 silly reify mark retired [
598 silly reify   '/data/data/com.termux/files/home/my-app/node_modules/@types/react-dom'
598 silly reify ]
599 silly reify mark retired [
599 silly reify   '/data/data/com.termux/files/home/my-app/node_modules/@vitejs/plugin-react'
599 silly reify ]
600 silly reify mark retired [
600 silly reify   '/data/data/com.termux/files/home/my-app/node_modules/balanced-match'
600 silly reify ]
601 silly reify mark retired [
601 silly reify   '/data/data/com.termux/files/home/my-app/node_modules/brace-expansion'
601 silly reify ]
602 silly reify mark retired [ '/data/data/com.termux/files/home/my-app/node_modules/csstype' ]
603 silly reify mark retired [ '/data/data/com.termux/files/home/my-app/node_modules/detect-libc' ]
604 silly reify mark retired [
604 silly reify   '/data/data/com.termux/files/home/my-app/node_modules/eslint',
604 silly reify   '/data/data/com.termux/files/home/my-app/node_modules/.bin/eslint'
604 silly reify ]
605 silly reify mark retired [
605 silly reify   '/data/data/com.termux/files/home/my-app/node_modules/eslint-plugin-react-hooks'
605 silly reify ]
606 silly reify mark retired [
606 silly reify   '/data/data/com.termux/files/home/my-app/node_modules/eslint-plugin-react-refresh'
606 silly reify ]
607 silly reify mark retired [ '/data/data/com.termux/files/home/my-app/node_modules/eslint-scope' ]
608 silly reify mark retired [
608 silly reify   '/data/data/com.termux/files/home/my-app/node_modules/eslint-visitor-keys'
608 silly reify ]
609 silly reify mark retired [ '/data/data/com.termux/files/home/my-app/node_modules/espree' ]
610 silly reify mark retired [ '/data/data/com.termux/files/home/my-app/node_modules/fdir' ]
611 silly reify mark retired [ '/data/data/com.termux/files/home/my-app/node_modules/globals' ]
612 silly reify mark retired [
612 silly reify   '/data/data/com.termux/files/home/my-app/node_modules/hermes-estree'
612 silly reify ]
613 silly reify mark retired [
613 silly reify   '/data/data/com.termux/files/home/my-app/node_modules/hermes-parser'
613 silly reify ]
614 silly reify mark retired [ '/data/data/com.termux/files/home/my-app/node_modules/lightningcss' ]
615 silly reify mark retired [
615 silly reify   '/data/data/com.termux/files/home/my-app/node_modules/lightningcss-android-arm64'
615 silly reify ]
616 silly reify mark retired [ '/data/data/com.termux/files/home/my-app/node_modules/minimatch' ]
617 silly reify mark retired [ '/data/data/com.termux/files/home/my-app/node_modules/picomatch' ]
618 silly reify mark retired [ '/data/data/com.termux/files/home/my-app/node_modules/react' ]
619 silly reify mark retired [ '/data/data/com.termux/files/home/my-app/node_modules/react-dom' ]
620 silly reify mark retired [
620 silly reify   '/data/data/com.termux/files/home/my-app/node_modules/rolldown',
620 silly reify   '/data/data/com.termux/files/home/my-app/node_modules/.bin/rolldown'
620 silly reify ]
621 silly reify mark retired [ '/data/data/com.termux/files/home/my-app/node_modules/scheduler' ]
622 silly reify mark retired [ '/data/data/com.termux/files/home/my-app/node_modules/tinyglobby' ]
623 silly reify mark retired [
623 silly reify   '/data/data/com.termux/files/home/my-app/node_modules/vite',
623 silly reify   '/data/data/com.termux/files/home/my-app/node_modules/.bin/vite'
623 silly reify ]
624 silly reify mark retired [ '/data/data/com.termux/files/home/my-app/node_modules/zod' ]
625 silly reify mark retired [
625 silly reify   '/data/data/com.termux/files/home/my-app/node_modules/zod-validation-error'
625 silly reify ]
626 silly reify moves {
626 silly reify   '/data/data/com.termux/files/home/my-app/node_modules/@eslint/config-array': '/data/data/com.termux/files/home/my-app/node_modules/@eslint/.config-array-S80MRjyk',
626 silly reify   '/data/data/com.termux/files/home/my-app/node_modules/@eslint/config-helpers': '/data/data/com.termux/files/home/my-app/node_modules/@eslint/.config-helpers-InCVwcZI',
626 silly reify   '/data/data/com.termux/files/home/my-app/node_modules/@eslint/core': '/data/data/com.termux/files/home/my-app/node_modules/@eslint/.core-CoQet0YJ',
626 silly reify   '/data/data/com.termux/files/home/my-app/node_modules/@eslint/js': '/data/data/com.termux/files/home/my-app/node_modules/@eslint/.js-psrSSVn3',
626 silly reify   '/data/data/com.termux/files/home/my-app/node_modules/@eslint/object-schema': '/data/data/com.termux/files/home/my-app/node_modules/@eslint/.object-schema-PdFmuaXO',
626 silly reify   '/data/data/com.termux/files/home/my-app/node_modules/@eslint/plugin-kit': '/data/data/com.termux/files/home/my-app/node_modules/@eslint/.plugin-kit-JTYCiVMP',
626 silly reify   '/data/data/com.termux/files/home/my-app/node_modules/@oxc-project/types': '/data/data/com.termux/files/home/my-app/node_modules/@oxc-project/.types-Qu8r8hNk',
626 silly reify   '/data/data/com.termux/files/home/my-app/node_modules/@rolldown/binding-android-arm64': '/data/data/com.termux/files/home/my-app/node_modules/@rolldown/.binding-android-arm64-aZ0Ovj7g',
626 silly reify   '/data/data/com.termux/files/home/my-app/node_modules/@rolldown/pluginutils': '/data/data/com.termux/files/home/my-app/node_modules/@rolldown/.pluginutils-fIwbvzTm',
626 silly reify   '/data/data/com.termux/files/home/my-app/node_modules/@types/esrecurse': '/data/data/com.termux/files/home/my-app/node_modules/@types/.esrecurse-mho0CpCb',
626 silly reify   '/data/data/com.termux/files/home/my-app/node_modules/@types/react': '/data/data/com.termux/files/home/my-app/node_modules/@types/.react-itZdZZMh',
626 silly reify   '/data/data/com.termux/files/home/my-app/node_modules/@types/react-dom': '/data/data/com.termux/files/home/my-app/node_modules/@types/.react-dom-GgR3xQib',
626 silly reify   '/data/data/com.termux/files/home/my-app/node_modules/@vitejs/plugin-react': '/data/data/com.termux/files/home/my-app/node_modules/@vitejs/.plugin-react-yMeGZTKw',
626 silly reify   '/data/data/com.termux/files/home/my-app/node_modules/balanced-match': '/data/data/com.termux/files/home/my-app/node_modules/.balanced-match-an3GQRWG',
626 silly reify   '/data/data/com.termux/files/home/my-app/node_modules/brace-expansion': '/data/data/com.termux/files/home/my-app/node_modules/.brace-expansion-6ZbavMQl',
626 silly reify   '/data/data/com.termux/files/home/my-app/node_modules/csstype': '/data/data/com.termux/files/home/my-app/node_modules/.csstype-L22P7Pg4',
626 silly reify   '/data/data/com.termux/files/home/my-app/node_modules/detect-libc': '/data/data/com.termux/files/home/my-app/node_modules/.detect-libc-QTg2YclB',
626 silly reify   '/data/data/com.termux/files/home/my-app/node_modules/eslint': '/data/data/com.termux/files/home/my-app/node_modules/.eslint-E6LXKepI',
626 silly reify   '/data/data/com.termux/files/home/my-app/node_modules/.bin/eslint': '/data/data/com.termux/files/home/my-app/node_modules/.bin/.eslint-fVdLmVyj',
626 silly reify   '/data/data/com.termux/files/home/my-app/node_modules/eslint-plugin-react-hooks': '/data/data/com.termux/files/home/my-app/node_modules/.eslint-plugin-react-hooks-AgK6szgM',
626 silly reify   '/data/data/com.termux/files/home/my-app/node_modules/eslint-plugin-react-refresh': '/data/data/com.termux/files/home/my-app/node_modules/.eslint-plugin-react-refresh-XPL7XasO',
626 silly reify   '/data/data/com.termux/files/home/my-app/node_modules/eslint-scope': '/data/data/com.termux/files/home/my-app/node_modules/.eslint-scope-8hesA4e6',
626 silly reify   '/data/data/com.termux/files/home/my-app/node_modules/eslint-visitor-keys': '/data/data/com.termux/files/home/my-app/node_modules/.eslint-visitor-keys-llDQCen8',
626 silly reify   '/data/data/com.termux/files/home/my-app/node_modules/espree': '/data/data/com.termux/files/home/my-app/node_modules/.espree-lPeeWaaA',
626 silly reify   '/data/data/com.termux/files/home/my-app/node_modules/fdir': '/data/data/com.termux/files/home/my-app/node_modules/.fdir-Pe4Ptzx0',
626 silly reify   '/data/data/com.termux/files/home/my-app/node_modules/globals': '/data/data/com.termux/files/home/my-app/node_modules/.globals-MmEH0qOF',
626 silly reify   '/data/data/com.termux/files/home/my-app/node_modules/hermes-estree': '/data/data/com.termux/files/home/my-app/node_modules/.hermes-estree-sHfK0uUR',
626 silly reify   '/data/data/com.termux/files/home/my-app/node_modules/hermes-parser': '/data/data/com.termux/files/home/my-app/node_modules/.hermes-parser-gWvOI37z',
626 silly reify   '/data/data/com.termux/files/home/my-app/node_modules/lightningcss': '/data/data/com.termux/files/home/my-app/node_modules/.lightningcss-OowlK3Av',
626 silly reify   '/data/data/com.termux/files/home/my-app/node_modules/lightningcss-android-arm64': '/data/data/com.termux/files/home/my-app/node_modules/.lightningcss-android-arm64-YZRkaZWc',
626 silly reify   '/data/data/com.termux/files/home/my-app/node_modules/minimatch': '/data/data/com.termux/files/home/my-app/node_modules/.minimatch-zK9kEy6x',
626 silly reify   '/data/data/com.termux/files/home/my-app/node_modules/picomatch': '/data/data/com.termux/files/home/my-app/node_modules/.picomatch-Sybs0tvq',
626 silly reify   '/data/data/com.termux/files/home/my-app/node_modules/react': '/data/data/com.termux/files/home/my-app/node_modules/.react-tqO5Wo1m',
626 silly reify   '/data/data/com.termux/files/home/my-app/node_modules/react-dom': '/data/data/com.termux/files/home/my-app/node_modules/.react-dom-VnOz6AZn',
626 silly reify   '/data/data/com.termux/files/home/my-app/node_modules/rolldown': '/data/data/com.termux/files/home/my-app/node_modules/.rolldown-cyZZe2gD',
626 silly reify   '/data/data/com.termux/files/home/my-app/node_modules/.bin/rolldown': '/data/data/com.termux/files/home/my-app/node_modules/.bin/.rolldown-Y82EorwR',
626 silly reify   '/data/data/com.termux/files/home/my-app/node_modules/scheduler': '/data/data/com.termux/files/home/my-app/node_modules/.scheduler-pXHFwM6B',
626 silly reify   '/data/data/com.termux/files/home/my-app/node_modules/tinyglobby': '/data/data/com.termux/files/home/my-app/node_modules/.tinyglobby-P7Mr2216',
626 silly reify   '/data/data/com.termux/files/home/my-app/node_modules/vite': '/data/data/com.termux/files/home/my-app/node_modules/.vite-yf4HYWBA',
626 silly reify   '/data/data/com.termux/files/home/my-app/node_modules/.bin/vite': '/data/data/com.termux/files/home/my-app/node_modules/.bin/.vite-rHtgle2p',
626 silly reify   '/data/data/com.termux/files/home/my-app/node_modules/zod': '/data/data/com.termux/files/home/my-app/node_modules/.zod-Tf4S3dM4',
626 silly reify   '/data/data/com.termux/files/home/my-app/node_modules/zod-validation-error': '/data/data/com.termux/files/home/my-app/node_modules/.zod-validation-error-O8theqn7'
626 silly reify }
627 silly audit bulk request {
627 silly audit   '@babel/code-frame': [ '7.29.0' ],
627 silly audit   '@babel/compat-data': [ '7.29.3' ],
627 silly audit   '@babel/core': [ '7.29.0' ],
627 silly audit   '@babel/generator': [ '7.29.1' ],
627 silly audit   '@babel/helper-compilation-targets': [ '7.28.6' ],
627 silly audit   '@babel/helper-globals': [ '7.28.0' ],
627 silly audit   '@babel/helper-module-imports': [ '7.28.6' ],
627 silly audit   '@babel/helper-module-transforms': [ '7.28.6' ],
627 silly audit   '@babel/helper-string-parser': [ '7.27.1' ],
627 silly audit   '@babel/helper-validator-identifier': [ '7.28.5' ],
627 silly audit   '@babel/helper-validator-option': [ '7.27.1' ],
627 silly audit   '@babel/helpers': [ '7.29.2' ],
627 silly audit   '@babel/parser': [ '7.29.3' ],
627 silly audit   '@babel/template': [ '7.28.6' ],
627 silly audit   '@babel/traverse': [ '7.29.0' ],
627 silly audit   '@babel/types': [ '7.29.0' ],
627 silly audit   '@eslint-community/eslint-utils': [ '4.9.1' ],
627 silly audit   'eslint-visitor-keys': [ '3.4.3', '4.2.1' ],
627 silly audit   '@eslint-community/regexpp': [ '4.12.2' ],
627 silly audit   '@humanfs/core': [ '0.19.2' ],
627 silly audit   '@humanfs/node': [ '0.16.8' ],
627 silly audit   '@humanfs/types': [ '0.15.0' ],
627 silly audit   '@humanwhocodes/module-importer': [ '1.0.1' ],
627 silly audit   '@humanwhocodes/retry': [ '0.4.3' ],
627 silly audit   '@jridgewell/gen-mapping': [ '0.3.13' ],
627 silly audit   '@jridgewell/remapping': [ '2.3.5' ],
627 silly audit   '@jridgewell/resolve-uri': [ '3.1.2' ],
627 silly audit   '@jridgewell/sourcemap-codec': [ '1.5.5' ],
627 silly audit   '@jridgewell/trace-mapping': [ '0.3.31' ],
627 silly audit   ajv: [ '6.15.0' ],
627 silly audit   'baseline-browser-mapping': [ '2.10.24' ],
627 silly audit   browserslist: [ '4.28.2' ],
627 silly audit   'caniuse-lite': [ '1.0.30001791' ],
627 silly audit   'convert-source-map': [ '2.0.0' ],
627 silly audit   'cross-spawn': [ '7.0.6' ],
627 silly audit   debug: [ '4.4.3' ],
627 silly audit   'deep-is': [ '0.1.4' ],
627 silly audit   'electron-to-chromium': [ '1.5.348' ],
627 silly audit   escalade: [ '3.2.0' ],
627 silly audit   'escape-string-regexp': [ '4.0.0' ],
627 silly audit   esquery: [ '1.7.0' ],
627 silly audit   estraverse: [ '5.3.0' ],
627 silly audit   esutils: [ '2.0.3' ],
627 silly audit   'fast-deep-equal': [ '3.1.3' ],
627 silly audit   'fast-json-stable-stringify': [ '2.1.0' ],
627 silly audit   'fast-levenshtein': [ '2.0.6' ],
627 silly audit   'file-entry-cache': [ '8.0.0' ],
627 silly audit   'find-up': [ '5.0.0' ],
627 silly audit   'flat-cache': [ '4.0.1' ],
627 silly audit   flatted: [ '3.4.2' ],
627 silly audit   gensync: [ '1.0.0-beta.2' ],
627 silly audit   'glob-parent': [ '6.0.2' ],
627 silly audit   globals: [ '14.0.0' ],
627 silly audit   ignore: [ '5.3.2' ],
627 silly audit   imurmurhash: [ '0.1.4' ],
627 silly audit   'is-extglob': [ '2.1.1' ],
627 silly audit   'is-glob': [ '4.0.3' ],
627 silly audit   isexe: [ '2.0.0' ],
627 silly audit   'js-tokens': [ '4.0.0' ],
627 silly audit   jsesc: [ '3.1.0' ],
627 silly audit   'json-buffer': [ '3.0.1' ],
627 silly audit   'json-schema-traverse': [ '0.4.1' ],
627 silly audit   'json-stable-stringify-without-jsonify': [ '1.0.1' ],
627 silly audit   json5: [ '2.2.3' ],
627 silly audit   keyv: [ '4.5.4' ],
627 silly audit   levn: [ '0.4.1' ],
627 silly audit   'locate-path': [ '6.0.0' ],
627 silly audit   'lru-cache': [ '5.1.1' ],
627 silly audit   ms: [ '2.1.3' ],
627 silly audit   'natural-compare': [ '1.4.0' ],
627 silly audit   'node-releases': [ '2.0.38' ],
627 silly audit   optionator: [ '0.9.4' ],
627 silly audit   'p-limit': [ '3.1.0' ],
627 silly audit   'p-locate': [ '5.0.0' ],
627 silly audit   'path-exists': [ '4.0.0' ],
627 silly audit   'path-key': [ '3.1.1' ],
627 silly audit   picocolors: [ '1.1.1' ],
627 silly audit   'prelude-ls': [ '1.2.1' ],
627 silly audit   punycode: [ '2.3.1' ],
627 silly audit   semver: [ '6.3.1' ],
627 silly audit   'shebang-command': [ '2.0.0' ],
627 silly audit   'shebang-regex': [ '3.0.0' ],
627 silly audit   'type-check': [ '0.4.0' ],
627 silly audit   'update-browserslist-db': [ '1.2.3' ],
627 silly audit   'uri-js': [ '4.4.1' ],
627 silly audit   which: [ '2.0.2' ],
627 silly audit   'word-wrap': [ '1.2.5' ],
627 silly audit   yallist: [ '3.1.1' ],
627 silly audit   'yocto-queue': [ '0.1.0' ],
627 silly audit   '@vitejs/plugin-react': [ '4.7.0' ],
627 silly audit   vite: [ '5.4.21' ],
627 silly audit   eslint: [ '9.39.4' ],
627 silly audit   react: [ '18.3.1' ],
627 silly audit   'react-dom': [ '18.3.1' ],
627 silly audit   '@babel/plugin-transform-react-jsx-self': [ '7.27.1' ],
627 silly audit   '@babel/plugin-transform-react-jsx-source': [ '7.27.1' ],
627 silly audit   '@rolldown/pluginutils': [ '1.0.0-beta.27' ],
627 silly audit   '@types/babel__core': [ '7.20.5' ],
627 silly audit   'react-refresh': [ '0.17.0' ],
627 silly audit   '@babel/helper-plugin-utils': [ '7.28.6' ],
627 silly audit   '@types/babel__generator': [ '7.27.0' ],
627 silly audit   '@types/babel__template': [ '7.4.4' ],
627 silly audit   '@types/babel__traverse': [ '7.28.0' ],
627 silly audit   '@eslint/config-array': [ '0.21.2' ],
627 silly audit   '@eslint/config-helpers': [ '0.4.2' ],
627 silly audit   '@eslint/core': [ '0.17.0' ],
627 silly audit   '@eslint/eslintrc': [ '3.3.5' ],
627 silly audit   '@eslint/js': [ '9.39.4' ],
627 silly audit   '@eslint/plugin-kit': [ '0.4.1' ],
627 silly audit   '@types/estree': [ '1.0.8' ],
627 silly audit   chalk: [ '4.1.2' ],
627 silly audit   'eslint-scope': [ '8.4.0' ],
627 silly audit   espree: [ '10.4.0' ],
627 silly audit   'lodash.merge': [ '4.6.2' ],
627 silly audit   minimatch: [ '3.1.5' ],
627 silly audit   '@eslint/object-schema': [ '2.1.7' ],
627 silly audit   '@types/json-schema': [ '7.0.15' ],
627 silly audit   'import-fresh': [ '3.3.1' ],
627 silly audit   'js-yaml': [ '4.1.1' ],
627 silly audit   'strip-json-comments': [ '3.1.1' ],
627 silly audit   'ansi-styles': [ '4.3.0' ],
627 silly audit   'supports-color': [ '7.2.0' ],
627 silly audit   'color-convert': [ '2.0.1' ],
627 silly audit   'color-name': [ '1.1.4' ],
627 silly audit   esrecurse: [ '4.3.0' ],
627 silly audit   acorn: [ '8.16.0' ],
627 silly audit   'acorn-jsx': [ '5.3.2' ],
627 silly audit   'parent-module': [ '1.0.1' ],
627 silly audit   'resolve-from': [ '4.0.0' ],
627 silly audit   argparse: [ '2.0.1' ],
627 silly audit   'brace-expansion': [ '1.1.14' ],
627 silly audit   'balanced-match': [ '1.0.2' ],
627 silly audit   'concat-map': [ '0.0.1' ],
627 silly audit   callsites: [ '3.1.0' ],
627 silly audit   'loose-envify': [ '1.4.0' ],
627 silly audit   scheduler: [ '0.23.2' ],
627 silly audit   'has-flag': [ '4.0.0' ],
627 silly audit   esbuild: [ '0.21.5' ],
627 silly audit   fsevents: [ '2.3.3' ],
627 silly audit   postcss: [ '8.5.13' ],
627 silly audit   rollup: [ '4.60.2' ],
627 silly audit   '@esbuild/aix-ppc64': [ '0.21.5' ],
627 silly audit   '@esbuild/android-arm': [ '0.21.5' ],
627 silly audit   '@esbuild/android-arm64': [ '0.21.5' ],
627 silly audit   '@esbuild/android-x64': [ '0.21.5' ],
627 silly audit   '@esbuild/darwin-arm64': [ '0.21.5' ],
627 silly audit   '@esbuild/darwin-x64': [ '0.21.5' ],
627 silly audit   '@esbuild/freebsd-arm64': [ '0.21.5' ],
627 silly audit   '@esbuild/freebsd-x64': [ '0.21.5' ],
627 silly audit   '@esbuild/linux-arm': [ '0.21.5' ],
627 silly audit   '@esbuild/linux-arm64': [ '0.21.5' ],
627 silly audit   '@esbuild/linux-ia32': [ '0.21.5' ],
627 silly audit   '@esbuild/linux-loong64': [ '0.21.5' ],
627 silly audit   '@esbuild/linux-mips64el': [ '0.21.5' ],
627 silly audit   '@esbuild/linux-ppc64': [ '0.21.5' ],
627 silly audit   '@esbuild/linux-riscv64': [ '0.21.5' ],
627 silly audit   '@esbuild/linux-s390x': [ '0.21.5' ],
627 silly audit   '@esbuild/linux-x64': [ '0.21.5' ],
627 silly audit   '@esbuild/netbsd-x64': [ '0.21.5' ],
627 silly audit   '@esbuild/openbsd-x64': [ '0.21.5' ],
627 silly audit   '@esbuild/sunos-x64': [ '0.21.5' ],
627 silly audit   '@esbuild/win32-arm64': [ '0.21.5' ],
627 silly audit   '@esbuild/win32-ia32': [ '0.21.5' ],
627 silly audit   '@esbuild/win32-x64': [ '0.21.5' ],
627 silly audit   nanoid: [ '3.3.12' ],
627 silly audit   'source-map-js': [ '1.2.1' ],
627 silly audit   '@rollup/rollup-android-arm-eabi': [ '4.60.2' ],
627 silly audit   '@rollup/rollup-android-arm64': [ '4.60.2' ],
627 silly audit   '@rollup/rollup-darwin-arm64': [ '4.60.2' ],
627 silly audit   '@rollup/rollup-darwin-x64': [ '4.60.2' ],
627 silly audit   '@rollup/rollup-freebsd-arm64': [ '4.60.2' ],
627 silly audit   '@rollup/rollup-freebsd-x64': [ '4.60.2' ],
627 silly audit   '@rollup/rollup-linux-arm-gnueabihf': [ '4.60.2' ],
627 silly audit   '@rollup/rollup-linux-arm-musleabihf': [ '4.60.2' ],
627 silly audit   '@rollup/rollup-linux-arm64-gnu': [ '4.60.2' ],
627 silly audit   '@rollup/rollup-linux-arm64-musl': [ '4.60.2' ],
627 silly audit   '@rollup/rollup-linux-loong64-gnu': [ '4.60.2' ],
627 silly audit   '@rollup/rollup-linux-loong64-musl': [ '4.60.2' ],
627 silly audit   '@rollup/rollup-linux-ppc64-gnu': [ '4.60.2' ],
627 silly audit   '@rollup/rollup-linux-ppc64-musl': [ '4.60.2' ],
627 silly audit   '@rollup/rollup-linux-riscv64-gnu': [ '4.60.2' ],
627 silly audit   '@rollup/rollup-linux-riscv64-musl': [ '4.60.2' ],
627 silly audit   '@rollup/rollup-linux-s390x-gnu': [ '4.60.2' ],
627 silly audit   '@rollup/rollup-linux-x64-gnu': [ '4.60.2' ],
627 silly audit   '@rollup/rollup-linux-x64-musl': [ '4.60.2' ],
627 silly audit   '@rollup/rollup-openbsd-x64': [ '4.60.2' ],
627 silly audit   '@rollup/rollup-openharmony-arm64': [ '4.60.2' ],
627 silly audit   '@rollup/rollup-win32-arm64-msvc': [ '4.60.2' ],
627 silly audit   '@rollup/rollup-win32-ia32-msvc': [ '4.60.2' ],
627 silly audit   '@rollup/rollup-win32-x64-gnu': [ '4.60.2' ],
627 silly audit   '@rollup/rollup-win32-x64-msvc': [ '4.60.2' ]
627 silly audit }
628 http cache @rollup/rollup-android-arm64@https://registry.npmjs.org/@rollup/rollup-android-arm64/-/rollup-android-arm64-4.60.2.tgz 0ms (cache hit)
629 http cache rollup@https://registry.npmjs.org/rollup/-/rollup-4.60.2.tgz 0ms (cache hit)
630 http cache esbuild@https://registry.npmjs.org/esbuild/-/esbuild-0.21.5.tgz 0ms (cache hit)
631 http cache has-flag@https://registry.npmjs.org/has-flag/-/has-flag-4.0.0.tgz 0ms (cache hit)
632 http cache loose-envify@https://registry.npmjs.org/loose-envify/-/loose-envify-1.4.0.tgz 0ms (cache hit)
633 http cache concat-map@https://registry.npmjs.org/concat-map/-/concat-map-0.0.1.tgz 0ms (cache hit)
634 http cache callsites@https://registry.npmjs.org/callsites/-/callsites-3.1.0.tgz 0ms (cache hit)
635 http cache argparse@https://registry.npmjs.org/argparse/-/argparse-2.0.1.tgz 0ms (cache hit)
636 http cache resolve-from@https://registry.npmjs.org/resolve-from/-/resolve-from-4.0.0.tgz 0ms (cache hit)
637 http cache parent-module@https://registry.npmjs.org/parent-module/-/parent-module-1.0.1.tgz 0ms (cache hit)
638 http cache color-name@https://registry.npmjs.org/color-name/-/color-name-1.1.4.tgz 0ms (cache hit)
639 http cache color-convert@https://registry.npmjs.org/color-convert/-/color-convert-2.0.1.tgz 0ms (cache hit)
640 http cache supports-color@https://registry.npmjs.org/supports-color/-/supports-color-7.2.0.tgz 0ms (cache hit)
641 http cache ansi-styles@https://registry.npmjs.org/ansi-styles/-/ansi-styles-4.3.0.tgz 0ms (cache hit)
642 http cache strip-json-comments@https://registry.npmjs.org/strip-json-comments/-/strip-json-comments-3.1.1.tgz 0ms (cache hit)
643 http cache js-yaml@https://registry.npmjs.org/js-yaml/-/js-yaml-4.1.1.tgz 0ms (cache hit)
644 http cache import-fresh@https://registry.npmjs.org/import-fresh/-/import-fresh-3.3.1.tgz 0ms (cache hit)
645 http cache lodash.merge@https://registry.npmjs.org/lodash.merge/-/lodash.merge-4.6.2.tgz 0ms (cache hit)
646 http cache chalk@https://registry.npmjs.org/chalk/-/chalk-4.1.2.tgz 0ms (cache hit)
647 http cache @eslint/eslintrc@https://registry.npmjs.org/@eslint/eslintrc/-/eslintrc-3.3.5.tgz 0ms (cache hit)
648 http cache @types/babel__traverse@https://registry.npmjs.org/@types/babel__traverse/-/babel__traverse-7.28.0.tgz 0ms (cache hit)
649 http cache @types/babel__template@https://registry.npmjs.org/@types/babel__template/-/babel__template-7.4.4.tgz 0ms (cache hit)
650 http cache @types/babel__generator@https://registry.npmjs.org/@types/babel__generator/-/babel__generator-7.27.0.tgz 0ms (cache hit)
651 http cache @babel/helper-plugin-utils@https://registry.npmjs.org/@babel/helper-plugin-utils/-/helper-plugin-utils-7.28.6.tgz 0ms (cache hit)
652 http cache react-refresh@https://registry.npmjs.org/react-refresh/-/react-refresh-0.17.0.tgz 0ms (cache hit)
653 http cache @types/babel__core@https://registry.npmjs.org/@types/babel__core/-/babel__core-7.20.5.tgz 0ms (cache hit)
654 http cache @babel/plugin-transform-react-jsx-source@https://registry.npmjs.org/@babel/plugin-transform-react-jsx-source/-/plugin-transform-react-jsx-source-7.27.1.tgz 0ms (cache hit)
655 http cache @esbuild/android-arm64@https://registry.npmjs.org/@esbuild/android-arm64/-/android-arm64-0.21.5.tgz 0ms (cache hit)
656 http cache @babel/plugin-transform-react-jsx-self@https://registry.npmjs.org/@babel/plugin-transform-react-jsx-self/-/plugin-transform-react-jsx-self-7.27.1.tgz 0ms (cache hit)
657 http cache vite@https://registry.npmjs.org/vite/-/vite-5.4.21.tgz 0ms (cache hit)
658 http cache react-dom@https://registry.npmjs.org/react-dom/-/react-dom-18.3.1.tgz 0ms (cache hit)
659 http cache react@https://registry.npmjs.org/react/-/react-18.3.1.tgz 0ms (cache hit)
660 http cache scheduler@https://registry.npmjs.org/scheduler/-/scheduler-0.23.2.tgz 0ms (cache hit)
661 http cache minimatch@https://registry.npmjs.org/minimatch/-/minimatch-3.1.5.tgz 0ms (cache hit)
662 http cache espree@https://registry.npmjs.org/espree/-/espree-10.4.0.tgz 0ms (cache hit)
663 http cache eslint-visitor-keys@https://registry.npmjs.org/eslint-visitor-keys/-/eslint-visitor-keys-4.2.1.tgz 0ms (cache hit)
664 http cache eslint-scope@https://registry.npmjs.org/eslint-scope/-/eslint-scope-8.4.0.tgz 0ms (cache hit)
665 http cache eslint@https://registry.npmjs.org/eslint/-/eslint-9.39.4.tgz 1ms (cache hit)
666 http cache brace-expansion@https://registry.npmjs.org/brace-expansion/-/brace-expansion-1.1.14.tgz 0ms (cache hit)
667 http cache balanced-match@https://registry.npmjs.org/balanced-match/-/balanced-match-1.0.2.tgz 0ms (cache hit)
668 http cache @vitejs/plugin-react@https://registry.npmjs.org/@vitejs/plugin-react/-/plugin-react-4.7.0.tgz 0ms (cache hit)
669 http cache @rolldown/pluginutils@https://registry.npmjs.org/@rolldown/pluginutils/-/pluginutils-1.0.0-beta.27.tgz 0ms (cache hit)
670 http cache @eslint/plugin-kit@https://registry.npmjs.org/@eslint/plugin-kit/-/plugin-kit-0.4.1.tgz 0ms (cache hit)
671 http cache @eslint/object-schema@https://registry.npmjs.org/@eslint/object-schema/-/object-schema-2.1.7.tgz 0ms (cache hit)
672 http cache @eslint/js@https://registry.npmjs.org/@eslint/js/-/js-9.39.4.tgz 0ms (cache hit)
673 http cache @eslint/core@https://registry.npmjs.org/@eslint/core/-/core-0.17.0.tgz 0ms (cache hit)
674 http cache @eslint/config-helpers@https://registry.npmjs.org/@eslint/config-helpers/-/config-helpers-0.4.2.tgz 0ms (cache hit)
675 http cache @eslint/config-array@https://registry.npmjs.org/@eslint/config-array/-/config-array-0.21.2.tgz 0ms (cache hit)
676 http cache globals@https://registry.npmjs.org/globals/-/globals-14.0.0.tgz 0ms (cache hit)
677 silly tarball no local data for @rollup/rollup-android-arm64@https://registry.npmjs.org/@rollup/rollup-android-arm64/-/rollup-android-arm64-4.60.2.tgz. Extracting by manifest.
678 silly tarball no local data for has-flag@https://registry.npmjs.org/has-flag/-/has-flag-4.0.0.tgz. Extracting by manifest.
679 silly tarball no local data for loose-envify@https://registry.npmjs.org/loose-envify/-/loose-envify-1.4.0.tgz. Extracting by manifest.
680 silly tarball no local data for concat-map@https://registry.npmjs.org/concat-map/-/concat-map-0.0.1.tgz. Extracting by manifest.
681 silly tarball no local data for rollup@https://registry.npmjs.org/rollup/-/rollup-4.60.2.tgz. Extracting by manifest.
682 silly tarball no local data for esbuild@https://registry.npmjs.org/esbuild/-/esbuild-0.21.5.tgz. Extracting by manifest.
683 silly tarball no local data for argparse@https://registry.npmjs.org/argparse/-/argparse-2.0.1.tgz. Extracting by manifest.
684 silly tarball no local data for callsites@https://registry.npmjs.org/callsites/-/callsites-3.1.0.tgz. Extracting by manifest.
685 silly tarball no local data for resolve-from@https://registry.npmjs.org/resolve-from/-/resolve-from-4.0.0.tgz. Extracting by manifest.
686 silly tarball no local data for parent-module@https://registry.npmjs.org/parent-module/-/parent-module-1.0.1.tgz. Extracting by manifest.
687 silly tarball no local data for color-name@https://registry.npmjs.org/color-name/-/color-name-1.1.4.tgz. Extracting by manifest.
688 silly tarball no local data for color-convert@https://registry.npmjs.org/color-convert/-/color-convert-2.0.1.tgz. Extracting by manifest.
689 silly tarball no local data for ansi-styles@https://registry.npmjs.org/ansi-styles/-/ansi-styles-4.3.0.tgz. Extracting by manifest.
690 silly tarball no local data for supports-color@https://registry.npmjs.org/supports-color/-/supports-color-7.2.0.tgz. Extracting by manifest.
691 silly tarball no local data for strip-json-comments@https://registry.npmjs.org/strip-json-comments/-/strip-json-comments-3.1.1.tgz. Extracting by manifest.
692 silly tarball no local data for js-yaml@https://registry.npmjs.org/js-yaml/-/js-yaml-4.1.1.tgz. Extracting by manifest.
693 silly tarball no local data for lodash.merge@https://registry.npmjs.org/lodash.merge/-/lodash.merge-4.6.2.tgz. Extracting by manifest.
694 silly tarball no local data for import-fresh@https://registry.npmjs.org/import-fresh/-/import-fresh-3.3.1.tgz. Extracting by manifest.
695 silly tarball no local data for chalk@https://registry.npmjs.org/chalk/-/chalk-4.1.2.tgz. Extracting by manifest.
696 silly tarball no local data for @types/babel__traverse@https://registry.npmjs.org/@types/babel__traverse/-/babel__traverse-7.28.0.tgz. Extracting by manifest.
697 silly tarball no local data for @eslint/eslintrc@https://registry.npmjs.org/@eslint/eslintrc/-/eslintrc-3.3.5.tgz. Extracting by manifest.
698 silly tarball no local data for @types/babel__template@https://registry.npmjs.org/@types/babel__template/-/babel__template-7.4.4.tgz. Extracting by manifest.
699 silly tarball no local data for @types/babel__generator@https://registry.npmjs.org/@types/babel__generator/-/babel__generator-7.27.0.tgz. Extracting by manifest.
700 silly tarball no local data for @babel/helper-plugin-utils@https://registry.npmjs.org/@babel/helper-plugin-utils/-/helper-plugin-utils-7.28.6.tgz. Extracting by manifest.
701 silly tarball no local data for @types/babel__core@https://registry.npmjs.org/@types/babel__core/-/babel__core-7.20.5.tgz. Extracting by manifest.
702 silly tarball no local data for react-refresh@https://registry.npmjs.org/react-refresh/-/react-refresh-0.17.0.tgz. Extracting by manifest.
703 silly tarball no local data for @babel/plugin-transform-react-jsx-source@https://registry.npmjs.org/@babel/plugin-transform-react-jsx-source/-/plugin-transform-react-jsx-source-7.27.1.tgz. Extracting by manifest.
704 silly tarball no local data for @esbuild/android-arm64@https://registry.npmjs.org/@esbuild/android-arm64/-/android-arm64-0.21.5.tgz. Extracting by manifest.
705 silly tarball no local data for @babel/plugin-transform-react-jsx-self@https://registry.npmjs.org/@babel/plugin-transform-react-jsx-self/-/plugin-transform-react-jsx-self-7.27.1.tgz. Extracting by manifest.
706 silly tarball no local data for vite@https://registry.npmjs.org/vite/-/vite-5.4.21.tgz. Extracting by manifest.
707 silly tarball no local data for react@https://registry.npmjs.org/react/-/react-18.3.1.tgz. Extracting by manifest.
708 silly tarball no local data for react-dom@https://registry.npmjs.org/react-dom/-/react-dom-18.3.1.tgz. Extracting by manifest.
709 silly tarball no local data for scheduler@https://registry.npmjs.org/scheduler/-/scheduler-0.23.2.tgz. Extracting by manifest.
710 silly tarball no local data for espree@https://registry.npmjs.org/espree/-/espree-10.4.0.tgz. Extracting by manifest.
711 silly tarball no local data for minimatch@https://registry.npmjs.org/minimatch/-/minimatch-3.1.5.tgz. Extracting by manifest.
712 silly tarball no local data for eslint-scope@https://registry.npmjs.org/eslint-scope/-/eslint-scope-8.4.0.tgz. Extracting by manifest.
713 silly tarball no local data for eslint-visitor-keys@https://registry.npmjs.org/eslint-visitor-keys/-/eslint-visitor-keys-4.2.1.tgz. Extracting by manifest.
714 silly tarball no local data for eslint@https://registry.npmjs.org/eslint/-/eslint-9.39.4.tgz. Extracting by manifest.
715 silly tarball no local data for brace-expansion@https://registry.npmjs.org/brace-expansion/-/brace-expansion-1.1.14.tgz. Extracting by manifest.
716 silly tarball no local data for @vitejs/plugin-react@https://registry.npmjs.org/@vitejs/plugin-react/-/plugin-react-4.7.0.tgz. Extracting by manifest.
717 silly tarball no local data for balanced-match@https://registry.npmjs.org/balanced-match/-/balanced-match-1.0.2.tgz. Extracting by manifest.
718 silly tarball no local data for @rolldown/pluginutils@https://registry.npmjs.org/@rolldown/pluginutils/-/pluginutils-1.0.0-beta.27.tgz. Extracting by manifest.
719 silly tarball no local data for @eslint/plugin-kit@https://registry.npmjs.org/@eslint/plugin-kit/-/plugin-kit-0.4.1.tgz. Extracting by manifest.
720 silly tarball no local data for @eslint/object-schema@https://registry.npmjs.org/@eslint/object-schema/-/object-schema-2.1.7.tgz. Extracting by manifest.
721 silly tarball no local data for @eslint/core@https://registry.npmjs.org/@eslint/core/-/core-0.17.0.tgz. Extracting by manifest.
722 silly tarball no local data for @eslint/js@https://registry.npmjs.org/@eslint/js/-/js-9.39.4.tgz. Extracting by manifest.
723 silly tarball no local data for @eslint/config-array@https://registry.npmjs.org/@eslint/config-array/-/config-array-0.21.2.tgz. Extracting by manifest.
724 silly tarball no local data for globals@https://registry.npmjs.org/globals/-/globals-14.0.0.tgz. Extracting by manifest.
725 silly tarball no local data for @eslint/config-helpers@https://registry.npmjs.org/@eslint/config-helpers/-/config-helpers-0.4.2.tgz. Extracting by manifest.
726 http fetch POST 200 https://registry.npmjs.org/-/npm/v1/security/advisories/bulk 303ms
727 silly audit report {
727 silly audit report   vite: [
727 silly audit report     {
727 silly audit report       id: 1116229,
727 silly audit report       url: 'https://github.com/advisories/GHSA-4w7w-66w2-5vf9',
727 silly audit report       title: 'Vite Vulnerable to Path Traversal in Optimized Deps `.map` Handling',
727 silly audit report       severity: 'moderate',
727 silly audit report       vulnerable_versions: '<=6.4.1',
727 silly audit report       cwe: [Array],
727 silly audit report       cvss: [Object]
727 silly audit report     }
727 silly audit report   ],
727 silly audit report   esbuild: [
727 silly audit report     {
727 silly audit report       id: 1102341,
727 silly audit report       url: 'https://github.com/advisories/GHSA-67mh-4wv8-2f99',
727 silly audit report       title: 'esbuild enables any website to send any requests to the development server and read the response',
727 silly audit report       severity: 'moderate',
727 silly audit report       vulnerable_versions: '<=0.24.2',
727 silly audit report       cwe: [Array],
727 silly audit report       cvss: [Object]
727 silly audit report     }
727 silly audit report   ]
727 silly audit report }
728 silly packumentCache corgi:https://registry.npmjs.org/vite cache-miss
729 silly packumentCache corgi:https://registry.npmjs.org/esbuild cache-miss
730 http fetch GET 200 https://registry.npmjs.org/has-flag/-/has-flag-4.0.0.tgz 345ms (cache miss)
731 http fetch GET 200 https://registry.npmjs.org/concat-map/-/concat-map-0.0.1.tgz 344ms (cache miss)
732 http fetch GET 200 https://registry.npmjs.org/loose-envify/-/loose-envify-1.4.0.tgz 346ms (cache miss)
733 http fetch GET 200 https://registry.npmjs.org/strip-json-comments/-/strip-json-comments-3.1.1.tgz 531ms (cache miss)
734 http fetch GET 200 https://registry.npmjs.org/@rollup/rollup-android-arm64/-/rollup-android-arm64-4.60.2.tgz 553ms (cache miss)
735 http fetch GET 200 https://registry.npmjs.org/import-fresh/-/import-fresh-3.3.1.tgz 588ms (cache miss)
736 http fetch GET 200 https://registry.npmjs.org/lodash.merge/-/lodash.merge-4.6.2.tgz 591ms (cache miss)
737 http fetch GET 200 https://registry.npmjs.org/js-yaml/-/js-yaml-4.1.1.tgz 623ms (cache miss)
738 http fetch GET 200 https://registry.npmjs.org/@types/babel__traverse/-/babel__traverse-7.28.0.tgz 913ms (cache miss)
739 http fetch GET 200 https://registry.npmjs.org/chalk/-/chalk-4.1.2.tgz 924ms (cache miss)
740 http fetch GET 200 https://registry.npmjs.org/@types/babel__template/-/babel__template-7.4.4.tgz 1001ms (cache miss)
741 http fetch GET 200 https://registry.npmjs.org/@types/babel__generator/-/babel__generator-7.27.0.tgz 1029ms (cache miss)
742 http fetch GET 200 https://registry.npmjs.org/@eslint/eslintrc/-/eslintrc-3.3.5.tgz 1189ms (cache miss)
743 http fetch GET 200 https://registry.npmjs.org/@types/babel__core/-/babel__core-7.20.5.tgz 1535ms (cache miss)
744 http fetch GET 200 https://registry.npmjs.org/@babel/plugin-transform-react-jsx-source/-/plugin-transform-react-jsx-source-7.27.1.tgz 1669ms (cache miss)
745 http fetch GET 200 https://registry.npmjs.org/@babel/helper-plugin-utils/-/helper-plugin-utils-7.28.6.tgz 1673ms (cache miss)
746 http fetch GET 200 https://registry.npmjs.org/react-refresh/-/react-refresh-0.17.0.tgz 1675ms (cache miss)
747 http fetch GET 200 https://registry.npmjs.org/@babel/plugin-transform-react-jsx-self/-/plugin-transform-react-jsx-self-7.27.1.tgz 1922ms (cache miss)
748 http fetch GET 200 https://registry.npmjs.org/resolve-from/-/resolve-from-4.0.0.tgz 1966ms (cache miss)
749 http fetch GET 200 https://registry.npmjs.org/supports-color/-/supports-color-7.2.0.tgz 1963ms (cache miss)
750 http fetch GET 200 https://registry.npmjs.org/react/-/react-18.3.1.tgz 2057ms (cache miss)
751 http fetch GET 200 https://registry.npmjs.org/color-convert/-/color-convert-2.0.1.tgz 2099ms (cache miss)
752 http fetch GET 200 https://registry.npmjs.org/parent-module/-/parent-module-1.0.1.tgz 2108ms (cache miss)
753 http fetch GET 200 https://registry.npmjs.org/callsites/-/callsites-3.1.0.tgz 2147ms (cache miss)
754 http fetch GET 200 https://registry.npmjs.org/ansi-styles/-/ansi-styles-4.3.0.tgz 2173ms (cache miss)
755 http fetch GET 200 https://registry.npmjs.org/color-name/-/color-name-1.1.4.tgz 2259ms (cache miss)
756 http fetch GET 200 https://registry.npmjs.org/esbuild/-/esbuild-0.21.5.tgz 2280ms (cache miss)
757 http fetch GET 200 https://registry.npmjs.org/argparse/-/argparse-2.0.1.tgz 2288ms (cache miss)
758 http fetch GET 200 https://registry.npmjs.org/minimatch/-/minimatch-3.1.5.tgz 2258ms (cache miss)
759 http fetch GET 200 https://registry.npmjs.org/espree/-/espree-10.4.0.tgz 2262ms (cache miss)
760 http fetch GET 200 https://registry.npmjs.org/scheduler/-/scheduler-0.23.2.tgz 2304ms (cache miss)
761 http fetch GET 200 https://registry.npmjs.org/eslint-scope/-/eslint-scope-8.4.0.tgz 2316ms (cache miss)
762 http fetch GET 200 https://registry.npmjs.org/vite/-/vite-5.4.21.tgz 2327ms (cache miss)
763 http fetch GET 200 https://registry.npmjs.org/eslint-visitor-keys/-/eslint-visitor-keys-4.2.1.tgz 2355ms (cache miss)
764 http fetch GET 200 https://registry.npmjs.org/brace-expansion/-/brace-expansion-1.1.14.tgz 2420ms (cache miss)
765 http fetch GET 200 https://registry.npmjs.org/balanced-match/-/balanced-match-1.0.2.tgz 2474ms (cache miss)
766 http fetch GET 200 https://registry.npmjs.org/@rolldown/pluginutils/-/pluginutils-1.0.0-beta.27.tgz 2532ms (cache miss)
767 http fetch GET 200 https://registry.npmjs.org/@vitejs/plugin-react/-/plugin-react-4.7.0.tgz 2577ms (cache miss)
768 http fetch GET 200 https://registry.npmjs.org/@eslint/object-schema/-/object-schema-2.1.7.tgz 2583ms (cache miss)
769 http fetch GET 200 https://registry.npmjs.org/@eslint/js/-/js-9.39.4.tgz 2627ms (cache miss)
770 http fetch GET 200 https://registry.npmjs.org/@eslint/plugin-kit/-/plugin-kit-0.4.1.tgz 2646ms (cache miss)
771 http fetch GET 200 https://registry.npmjs.org/globals/-/globals-14.0.0.tgz 2693ms (cache miss)
772 http fetch GET 200 https://registry.npmjs.org/@eslint/core/-/core-0.17.0.tgz 2770ms (cache miss)
773 http fetch GET 200 https://registry.npmjs.org/@esbuild/android-arm64/-/android-arm64-0.21.5.tgz 2807ms (cache miss)
774 http fetch GET 200 https://registry.npmjs.org/@eslint/config-helpers/-/config-helpers-0.4.2.tgz 2794ms (cache miss)
775 http fetch GET 200 https://registry.npmjs.org/rollup/-/rollup-4.60.2.tgz 2996ms (cache miss)
776 http fetch GET 200 https://registry.npmjs.org/react-dom/-/react-dom-18.3.1.tgz 3047ms (cache miss)
777 http fetch GET 200 https://registry.npmjs.org/@eslint/config-array/-/config-array-0.21.2.tgz 3078ms (cache miss)
778 http fetch GET 200 https://registry.npmjs.org/vite 3319ms (cache miss)
779 silly packumentCache corgi:https://registry.npmjs.org/vite set size:undefined disposed:false
780 http fetch GET 200 https://registry.npmjs.org/eslint/-/eslint-9.39.4.tgz 3621ms (cache miss)
781 info run esbuild@0.21.5 postinstall node_modules/esbuild node install.js
782 http fetch GET 200 https://registry.npmjs.org/esbuild 3459ms (cache miss)
783 silly packumentCache corgi:https://registry.npmjs.org/esbuild set size:undefined disposed:false
784 silly packumentCache corgi:https://registry.npmjs.org/@vitejs%2fplugin-react cache-miss
785 http fetch GET 200 https://registry.npmjs.org/@vitejs%2fplugin-react 255ms (cache miss)
786 silly packumentCache corgi:https://registry.npmjs.org/@vitejs%2fplugin-react set size:undefined disposed:false
787 info run esbuild@0.21.5 postinstall { code: 0, signal: null }
788 silly ADD node_modules/@rollup/rollup-android-arm64
789 silly ADD node_modules/@esbuild/android-arm64
790 silly ADD node_modules/rollup
791 silly ADD node_modules/esbuild
792 silly ADD node_modules/has-flag
793 silly ADD node_modules/loose-envify
794 silly ADD node_modules/callsites
795 silly ADD node_modules/concat-map
796 silly ADD node_modules/argparse
797 silly ADD node_modules/resolve-from
798 silly ADD node_modules/parent-module
799 silly ADD node_modules/color-name
800 silly ADD node_modules/color-convert
801 silly ADD node_modules/supports-color
802 silly ADD node_modules/ansi-styles
803 silly ADD node_modules/strip-json-comments
804 silly ADD node_modules/js-yaml
805 silly ADD node_modules/import-fresh
806 silly ADD node_modules/lodash.merge
807 silly ADD node_modules/chalk
808 silly ADD node_modules/@eslint/eslintrc
809 silly ADD node_modules/@eslint/eslintrc/node_modules/globals
810 silly ADD node_modules/@types/babel__traverse
811 silly ADD node_modules/@types/babel__template
812 silly ADD node_modules/@types/babel__generator
813 silly ADD node_modules/@babel/helper-plugin-utils
814 silly ADD node_modules/react-refresh
815 silly ADD node_modules/@types/babel__core
816 silly ADD node_modules/@babel/plugin-transform-react-jsx-source
817 silly ADD node_modules/@babel/plugin-transform-react-jsx-self
818 silly REMOVE node_modules/zod-validation-error
819 silly REMOVE node_modules/zod
820 silly CHANGE node_modules/vite
821 silly REMOVE node_modules/tinyglobby
822 silly CHANGE node_modules/scheduler
823 silly REMOVE node_modules/rolldown
824 silly REMOVE node_modules/rolldown/node_modules/@rolldown/pluginutils
825 silly CHANGE node_modules/react-dom
826 silly CHANGE node_modules/react
827 silly REMOVE node_modules/picomatch
828 silly CHANGE node_modules/minimatch
829 silly REMOVE node_modules/lightningcss-android-arm64
830 silly REMOVE node_modules/lightningcss
831 silly REMOVE node_modules/hermes-parser
832 silly REMOVE node_modules/hermes-estree
833 silly REMOVE node_modules/globals
834 silly REMOVE node_modules/fdir
835 silly CHANGE node_modules/espree
836 silly CHANGE node_modules/eslint-visitor-keys
837 silly CHANGE node_modules/eslint-scope
838 silly REMOVE node_modules/eslint-plugin-react-refresh
839 silly REMOVE node_modules/eslint-plugin-react-hooks
840 silly CHANGE node_modules/eslint
841 silly REMOVE node_modules/detect-libc
842 silly REMOVE node_modules/csstype
843 silly CHANGE node_modules/brace-expansion
844 silly CHANGE node_modules/balanced-match
845 silly CHANGE node_modules/@vitejs/plugin-react
846 silly REMOVE node_modules/@types/react-dom
847 silly REMOVE node_modules/@types/react
848 silly REMOVE node_modules/@types/esrecurse
849 silly CHANGE node_modules/@rolldown/pluginutils
850 silly REMOVE node_modules/@rolldown/binding-android-arm64
851 silly REMOVE node_modules/@oxc-project/types
852 silly CHANGE node_modules/@eslint/plugin-kit
853 silly CHANGE node_modules/@eslint/object-schema
854 silly CHANGE node_modules/@eslint/js
855 silly CHANGE node_modules/@eslint/core
856 silly CHANGE node_modules/@eslint/config-helpers
857 silly CHANGE node_modules/@eslint/config-array
858 verbose cwd /data/data/com.termux/files/home/my-app
859 verbose os Linux 5.4.289-qgki-g49c0dcb3dc63
860 verbose node v25.8.2
861 verbose npm  v11.13.0
862 verbose exit 0
863 info ok
